I1215 01:25:48.098546 Main     thread.cpp:100] Register main thread: tid=7
I1215 01:25:48.099080 Launcher thread.cpp:40] Start thread: Launcher/EL
I1215 01:25:48.099128 Launcher thread.cpp:64] Does not find cpuset setting for IO threads (can be set by FAAS_IO_THREAD_CPUSET)
I1215 01:25:48.099138 Launcher thread.cpp:82] Does not find nice setting for IO threads (can be set by FAAS_IO_THREAD_NICE)
I1215 01:25:48.099143 Launcher launcher.cpp:96] Launcher: Event loop starts
I1215 01:25:48.099169 Launcher engine_connection.cpp:93] EngineConnection: Connected to engine, start writing handshake message
I1215 01:25:48.099646 Launcher buffer_pool.h:25] BufferPool[Launcher]: Allocate new buffer, current buffer count is 1
I1215 01:25:48.099719 Launcher func_config.cpp:135] Load configuration for function SocialGraphService[1]
I1215 01:25:48.099733 Launcher func_config.cpp:135] Load configuration for function ComposePostService[2]
I1215 01:25:48.099742 Launcher func_config.cpp:135] Load configuration for function PostStorageService[3]
I1215 01:25:48.099750 Launcher func_config.cpp:135] Load configuration for function UserTimelineService[4]
I1215 01:25:48.099757 Launcher func_config.cpp:135] Load configuration for function UrlShortenService[5]
I1215 01:25:48.099765 Launcher func_config.cpp:135] Load configuration for function UserService[6]
I1215 01:25:48.099773 Launcher func_config.cpp:135] Load configuration for function MediaService[7]
I1215 01:25:48.099781 Launcher func_config.cpp:135] Load configuration for function TextService[8]
I1215 01:25:48.099788 Launcher func_config.cpp:135] Load configuration for function UniqueIdService[9]
I1215 01:25:48.099798 Launcher func_config.cpp:135] Load configuration for function UserMentionService[10]
I1215 01:25:48.099806 Launcher func_config.cpp:135] Load configuration for function HomeTimelineService[11]
I1215 01:25:48.099820 Launcher engine_connection.cpp:65] EngineConnection: Handshake done
W1215 01:25:48.103310 Launcher engine_connection.cpp:166] EngineConnection: nread=0, will do nothing
