I0118 04:19:34.988320 Main     thread.cpp:100] Register main thread: tid=19
I0118 04:19:34.988429 Main     func_worker.cpp:51] My client_id is 47
[2024-01-18 04:19:34.997255] <info>: (ClientPool.h:195:ClientPool) Max pool size: 128
I0118 04:19:35.002141 Main     func_config.cpp:135] Load configuration for function SocialGraphService[1]
I0118 04:19:35.002186 Main     func_config.cpp:135] Load configuration for function ComposePostService[2]
I0118 04:19:35.002206 Main     func_config.cpp:135] Load configuration for function PostStorageService[3]
I0118 04:19:35.002224 Main     func_config.cpp:135] Load configuration for function UserTimelineService[4]
I0118 04:19:35.002240 Main     func_config.cpp:135] Load configuration for function UrlShortenService[5]
I0118 04:19:35.002258 Main     func_config.cpp:135] Load configuration for function UserService[6]
I0118 04:19:35.002274 Main     func_config.cpp:135] Load configuration for function MediaService[7]
I0118 04:19:35.002299 Main     func_config.cpp:135] Load configuration for function TextService[8]
I0118 04:19:35.002318 Main     func_config.cpp:135] Load configuration for function UniqueIdService[9]
I0118 04:19:35.002337 Main     func_config.cpp:135] Load configuration for function UserMentionService[10]
I0118 04:19:35.002359 Main     func_config.cpp:135] Load configuration for function HomeTimelineService[11]
I0118 04:19:35.002423 Main     func_worker.cpp:118] Use extra pipes for messages
I0118 04:19:35.002834 Main     func_worker.cpp:137] Handshake done
[2024-01-18 04:19:35.002909] <info>: (ClientPool.h:195:ClientPool) Max pool size: 128
[2024-01-18 04:19:35.109860] <info>: (ThriftClient.h:84:ThriftClient) Use FaaSWorker for thrift calls
[2024-01-18 04:19:35.109920] <info>: (ClientPool.h:233:Pop) New social-graph client, total_client=1
@@@ UserService
I0118 04:19:35.111366 Main     buffer_pool.h:25] BufferPool[Pipes]: Allocate new buffer, current buffer count is 1
[2024-01-18 04:19:35.111465] <info>: (ClientPool.h:294:Remove) Remove social-graph client, total_client=0
[2024-01-18 04:19:35.111492] <error>: (SocialGraphHandler.h:820:FollowWithUsername) Failed to get user_id from user-service
[2024-01-18 04:19:35.171056] <info>: (ThriftClient.h:84:ThriftClient) Use FaaSWorker for thrift calls
[2024-01-18 04:19:35.171111] <info>: (ClientPool.h:233:Pop) New social-graph client, total_client=1
@@@ UserService
[2024-01-18 04:19:35.273582] <info>: (ClientPool.h:294:Remove) Remove social-graph client, total_client=0
[2024-01-18 04:19:35.273615] <error>: (SocialGraphHandler.h:820:FollowWithUsername) Failed to get user_id from user-service
[2024-01-18 04:19:35.334185] <info>: (ThriftClient.h:84:ThriftClient) Use FaaSWorker for thrift calls
[2024-01-18 04:19:35.334233] <info>: (ClientPool.h:233:Pop) New social-graph client, total_client=1
@@@ UserService
@@@ UserService
I0118 04:19:35.335673 Main     buffer_pool.h:25] BufferPool[Pipes]: Allocate new buffer, current buffer count is 2
[2024-01-18 04:19:35.335734] <info>: (ClientPool.h:294:Remove) Remove social-graph client, total_client=0
[2024-01-18 04:19:35.335767] <error>: (SocialGraphHandler.h:849:FollowWithUsername) Failed to get user_id from user-service
[2024-01-18 04:19:35.357454] <info>: (ThriftClient.h:84:ThriftClient) Use FaaSWorker for thrift calls
[2024-01-18 04:19:35.357494] <info>: (ClientPool.h:233:Pop) New social-graph client, total_client=1
@@@ UserService
@@@ UserService
[2024-01-18 04:19:35.358966] <info>: (ClientPool.h:294:Remove) Remove social-graph client, total_client=0
[2024-01-18 04:19:35.358995] <error>: (SocialGraphHandler.h:849:FollowWithUsername) Failed to get user_id from user-service
[2024-01-18 04:19:35.395082] <info>: (ThriftClient.h:84:ThriftClient) Use FaaSWorker for thrift calls
[2024-01-18 04:19:35.395120] <info>: (ClientPool.h:233:Pop) New social-graph client, total_client=1
@@@ UserService
[2024-01-18 04:19:35.395859] <info>: (ClientPool.h:294:Remove) Remove social-graph client, total_client=0
[2024-01-18 04:19:35.395899] <error>: (SocialGraphHandler.h:820:FollowWithUsername) Failed to get user_id from user-service
[2024-01-18 04:19:37.424110] <info>: (ThriftClient.h:84:ThriftClient) Use FaaSWorker for thrift calls
[2024-01-18 04:19:37.424166] <info>: (ClientPool.h:233:Pop) New social-graph client, total_client=1
@@@ UserService
[2024-01-18 04:19:37.425052] <info>: (ClientPool.h:294:Remove) Remove social-graph client, total_client=0
[2024-01-18 04:19:37.425082] <error>: (SocialGraphHandler.h:820:FollowWithUsername) Failed to get user_id from user-service
[2024-01-18 04:19:37.448862] <info>: (ThriftClient.h:84:ThriftClient) Use FaaSWorker for thrift calls
[2024-01-18 04:19:37.448902] <info>: (ClientPool.h:233:Pop) New social-graph client, total_client=1
@@@ UserService
[2024-01-18 04:19:37.449819] <info>: (ClientPool.h:294:Remove) Remove social-graph client, total_client=0
[2024-01-18 04:19:37.449852] <error>: (SocialGraphHandler.h:820:FollowWithUsername) Failed to get user_id from user-service
[2024-01-18 04:19:37.484904] <info>: (ThriftClient.h:84:ThriftClient) Use FaaSWorker for thrift calls
[2024-01-18 04:19:37.484943] <info>: (ClientPool.h:233:Pop) New social-graph client, total_client=1
@@@ UserService
[2024-01-18 04:19:37.485850] <info>: (ClientPool.h:294:Remove) Remove social-graph client, total_client=0
[2024-01-18 04:19:37.485893] <error>: (SocialGraphHandler.h:820:FollowWithUsername) Failed to get user_id from user-service
[2024-01-18 04:19:37.511038] <info>: (ThriftClient.h:84:ThriftClient) Use FaaSWorker for thrift calls
[2024-01-18 04:19:37.511088] <info>: (ClientPool.h:233:Pop) New social-graph client, total_client=1
@@@ UserService
[2024-01-18 04:19:37.511865] <info>: (ClientPool.h:294:Remove) Remove social-graph client, total_client=0
[2024-01-18 04:19:37.511903] <error>: (SocialGraphHandler.h:820:FollowWithUsername) Failed to get user_id from user-service
[2024-01-18 04:19:37.546151] <info>: (ThriftClient.h:84:ThriftClient) Use FaaSWorker for thrift calls
[2024-01-18 04:19:37.546189] <info>: (ClientPool.h:233:Pop) New social-graph client, total_client=1
@@@ UserService
[2024-01-18 04:19:37.547293] <info>: (ClientPool.h:294:Remove) Remove social-graph client, total_client=0
[2024-01-18 04:19:37.547339] <error>: (SocialGraphHandler.h:820:FollowWithUsername) Failed to get user_id from user-service
[2024-01-18 04:19:37.608232] <info>: (ThriftClient.h:84:ThriftClient) Use FaaSWorker for thrift calls
[2024-01-18 04:19:37.608266] <info>: (ClientPool.h:233:Pop) New social-graph client, total_client=1
@@@ UserService
[2024-01-18 04:19:37.609085] <info>: (ClientPool.h:294:Remove) Remove social-graph client, total_client=0
[2024-01-18 04:19:37.609124] <error>: (SocialGraphHandler.h:820:FollowWithUsername) Failed to get user_id from user-service
[2024-01-18 04:19:37.632913] <info>: (ThriftClient.h:84:ThriftClient) Use FaaSWorker for thrift calls
[2024-01-18 04:19:37.632965] <info>: (ClientPool.h:233:Pop) New social-graph client, total_client=1
@@@ UserService
[2024-01-18 04:19:37.633917] <info>: (ClientPool.h:294:Remove) Remove social-graph client, total_client=0
[2024-01-18 04:19:37.633958] <error>: (SocialGraphHandler.h:820:FollowWithUsername) Failed to get user_id from user-service
[2024-01-18 04:19:37.669258] <info>: (ThriftClient.h:84:ThriftClient) Use FaaSWorker for thrift calls
[2024-01-18 04:19:37.669294] <info>: (ClientPool.h:233:Pop) New social-graph client, total_client=1
@@@ UserService
[2024-01-18 04:19:37.670276] <info>: (ClientPool.h:294:Remove) Remove social-graph client, total_client=0
[2024-01-18 04:19:37.670322] <error>: (SocialGraphHandler.h:820:FollowWithUsername) Failed to get user_id from user-service
[2024-01-18 04:19:37.731047] <info>: (ThriftClient.h:84:ThriftClient) Use FaaSWorker for thrift calls
[2024-01-18 04:19:37.731099] <info>: (ClientPool.h:233:Pop) New social-graph client, total_client=1
@@@ UserService
[2024-01-18 04:19:37.732029] <info>: (ClientPool.h:294:Remove) Remove social-graph client, total_client=0
[2024-01-18 04:19:37.732074] <error>: (SocialGraphHandler.h:820:FollowWithUsername) Failed to get user_id from user-service
[2024-01-18 04:19:37.756046] <info>: (ThriftClient.h:84:ThriftClient) Use FaaSWorker for thrift calls
[2024-01-18 04:19:37.756103] <info>: (ClientPool.h:233:Pop) New social-graph client, total_client=1
@@@ UserService
[2024-01-18 04:19:37.757206] <info>: (ClientPool.h:294:Remove) Remove social-graph client, total_client=0
[2024-01-18 04:19:37.757239] <error>: (SocialGraphHandler.h:820:FollowWithUsername) Failed to get user_id from user-service
[2024-01-18 04:19:37.792356] <info>: (ThriftClient.h:84:ThriftClient) Use FaaSWorker for thrift calls
[2024-01-18 04:19:37.792395] <info>: (ClientPool.h:233:Pop) New social-graph client, total_client=1
@@@ UserService
[2024-01-18 04:19:37.793705] <info>: (ClientPool.h:294:Remove) Remove social-graph client, total_client=0
[2024-01-18 04:19:37.793748] <error>: (SocialGraphHandler.h:820:FollowWithUsername) Failed to get user_id from user-service
[2024-01-18 04:19:37.817603] <info>: (ThriftClient.h:84:ThriftClient) Use FaaSWorker for thrift calls
[2024-01-18 04:19:37.817641] <info>: (ClientPool.h:233:Pop) New social-graph client, total_client=1
@@@ UserService
[2024-01-18 04:19:37.818624] <info>: (ClientPool.h:294:Remove) Remove social-graph client, total_client=0
[2024-01-18 04:19:37.818665] <error>: (SocialGraphHandler.h:820:FollowWithUsername) Failed to get user_id from user-service
[2024-01-18 04:19:37.854090] <info>: (ThriftClient.h:84:ThriftClient) Use FaaSWorker for thrift calls
[2024-01-18 04:19:37.854140] <info>: (ClientPool.h:233:Pop) New social-graph client, total_client=1
@@@ UserService
[2024-01-18 04:19:37.855047] <info>: (ClientPool.h:294:Remove) Remove social-graph client, total_client=0
[2024-01-18 04:19:37.855093] <error>: (SocialGraphHandler.h:820:FollowWithUsername) Failed to get user_id from user-service
[2024-01-18 04:19:37.879140] <info>: (ThriftClient.h:84:ThriftClient) Use FaaSWorker for thrift calls
[2024-01-18 04:19:37.879192] <info>: (ClientPool.h:233:Pop) New social-graph client, total_client=1
@@@ UserService
[2024-01-18 04:19:37.880152] <info>: (ClientPool.h:294:Remove) Remove social-graph client, total_client=0
[2024-01-18 04:19:37.880184] <error>: (SocialGraphHandler.h:820:FollowWithUsername) Failed to get user_id from user-service
[2024-01-18 04:19:37.915672] <info>: (ThriftClient.h:84:ThriftClient) Use FaaSWorker for thrift calls
[2024-01-18 04:19:37.915712] <info>: (ClientPool.h:233:Pop) New social-graph client, total_client=1
@@@ UserService
[2024-01-18 04:19:37.916692] <info>: (ClientPool.h:294:Remove) Remove social-graph client, total_client=0
[2024-01-18 04:19:37.916735] <error>: (SocialGraphHandler.h:820:FollowWithUsername) Failed to get user_id from user-service
[2024-01-18 04:19:37.977401] <info>: (ThriftClient.h:84:ThriftClient) Use FaaSWorker for thrift calls
[2024-01-18 04:19:37.977433] <info>: (ClientPool.h:233:Pop) New social-graph client, total_client=1
@@@ UserService
[2024-01-18 04:19:37.978240] <info>: (ClientPool.h:294:Remove) Remove social-graph client, total_client=0
[2024-01-18 04:19:37.978284] <error>: (SocialGraphHandler.h:820:FollowWithUsername) Failed to get user_id from user-service
[2024-01-18 04:19:38.038706] <info>: (ThriftClient.h:84:ThriftClient) Use FaaSWorker for thrift calls
[2024-01-18 04:19:38.038743] <info>: (ClientPool.h:233:Pop) New social-graph client, total_client=1
@@@ UserService
[2024-01-18 04:19:38.039506] <info>: (ClientPool.h:294:Remove) Remove social-graph client, total_client=0
[2024-01-18 04:19:38.039546] <error>: (SocialGraphHandler.h:820:FollowWithUsername) Failed to get user_id from user-service
[2024-01-18 04:19:38.100136] <info>: (ThriftClient.h:84:ThriftClient) Use FaaSWorker for thrift calls
[2024-01-18 04:19:38.100169] <info>: (ClientPool.h:233:Pop) New social-graph client, total_client=1
@@@ UserService
[2024-01-18 04:19:38.101152] <info>: (ClientPool.h:294:Remove) Remove social-graph client, total_client=0
[2024-01-18 04:19:38.101200] <error>: (SocialGraphHandler.h:820:FollowWithUsername) Failed to get user_id from user-service
[2024-01-18 04:19:38.162083] <info>: (ThriftClient.h:84:ThriftClient) Use FaaSWorker for thrift calls
[2024-01-18 04:19:38.162135] <info>: (ClientPool.h:233:Pop) New social-graph client, total_client=1
@@@ UserService
[2024-01-18 04:19:38.162999] <info>: (ClientPool.h:294:Remove) Remove social-graph client, total_client=0
[2024-01-18 04:19:38.163032] <error>: (SocialGraphHandler.h:820:FollowWithUsername) Failed to get user_id from user-service
[2024-01-18 04:19:38.187013] <info>: (ThriftClient.h:84:ThriftClient) Use FaaSWorker for thrift calls
[2024-01-18 04:19:38.187052] <info>: (ClientPool.h:233:Pop) New social-graph client, total_client=1
@@@ UserService
[2024-01-18 04:19:38.187958] <info>: (ClientPool.h:294:Remove) Remove social-graph client, total_client=0
[2024-01-18 04:19:38.187991] <error>: (SocialGraphHandler.h:820:FollowWithUsername) Failed to get user_id from user-service
[2024-01-18 04:19:38.223420] <info>: (ThriftClient.h:84:ThriftClient) Use FaaSWorker for thrift calls
[2024-01-18 04:19:38.223460] <info>: (ClientPool.h:233:Pop) New social-graph client, total_client=1
@@@ UserService
[2024-01-18 04:19:38.224235] <info>: (ClientPool.h:294:Remove) Remove social-graph client, total_client=0
[2024-01-18 04:19:38.224265] <error>: (SocialGraphHandler.h:820:FollowWithUsername) Failed to get user_id from user-service
[2024-01-18 04:19:38.285305] <info>: (ThriftClient.h:84:ThriftClient) Use FaaSWorker for thrift calls
[2024-01-18 04:19:38.285341] <info>: (ClientPool.h:233:Pop) New social-graph client, total_client=1
@@@ UserService
[2024-01-18 04:19:38.286300] <info>: (ClientPool.h:294:Remove) Remove social-graph client, total_client=0
[2024-01-18 04:19:38.286331] <error>: (SocialGraphHandler.h:820:FollowWithUsername) Failed to get user_id from user-service
[2024-01-18 04:19:38.309783] <info>: (ThriftClient.h:84:ThriftClient) Use FaaSWorker for thrift calls
[2024-01-18 04:19:38.309823] <info>: (ClientPool.h:233:Pop) New social-graph client, total_client=1
@@@ UserService
[2024-01-18 04:19:38.310820] <info>: (ClientPool.h:294:Remove) Remove social-graph client, total_client=0
[2024-01-18 04:19:38.310850] <error>: (SocialGraphHandler.h:820:FollowWithUsername) Failed to get user_id from user-service
[2024-01-18 04:19:38.346390] <info>: (ThriftClient.h:84:ThriftClient) Use FaaSWorker for thrift calls
[2024-01-18 04:19:38.346429] <info>: (ClientPool.h:233:Pop) New social-graph client, total_client=1
@@@ UserService
[2024-01-18 04:19:38.347289] <info>: (ClientPool.h:294:Remove) Remove social-graph client, total_client=0
[2024-01-18 04:19:38.347334] <error>: (SocialGraphHandler.h:820:FollowWithUsername) Failed to get user_id from user-service
[2024-01-18 04:19:38.407978] <info>: (ThriftClient.h:84:ThriftClient) Use FaaSWorker for thrift calls
[2024-01-18 04:19:38.408018] <info>: (ClientPool.h:233:Pop) New social-graph client, total_client=1
@@@ UserService
[2024-01-18 04:19:38.408911] <info>: (ClientPool.h:294:Remove) Remove social-graph client, total_client=0
[2024-01-18 04:19:38.408942] <error>: (SocialGraphHandler.h:820:FollowWithUsername) Failed to get user_id from user-service
[2024-01-18 04:19:38.433088] <info>: (ThriftClient.h:84:ThriftClient) Use FaaSWorker for thrift calls
[2024-01-18 04:19:38.433129] <info>: (ClientPool.h:233:Pop) New social-graph client, total_client=1
@@@ UserService
[2024-01-18 04:19:38.434172] <info>: (ClientPool.h:294:Remove) Remove social-graph client, total_client=0
[2024-01-18 04:19:38.434205] <error>: (SocialGraphHandler.h:820:FollowWithUsername) Failed to get user_id from user-service
[2024-01-18 04:19:38.469067] <info>: (ThriftClient.h:84:ThriftClient) Use FaaSWorker for thrift calls
[2024-01-18 04:19:38.469120] <info>: (ClientPool.h:233:Pop) New social-graph client, total_client=1
@@@ UserService
[2024-01-18 04:19:38.470098] <info>: (ClientPool.h:294:Remove) Remove social-graph client, total_client=0
[2024-01-18 04:19:38.470138] <error>: (SocialGraphHandler.h:820:FollowWithUsername) Failed to get user_id from user-service
[2024-01-18 04:19:38.530783] <info>: (ThriftClient.h:84:ThriftClient) Use FaaSWorker for thrift calls
[2024-01-18 04:19:38.530824] <info>: (ClientPool.h:233:Pop) New social-graph client, total_client=1
@@@ UserService
[2024-01-18 04:19:38.531669] <info>: (ClientPool.h:294:Remove) Remove social-graph client, total_client=0
[2024-01-18 04:19:38.531708] <error>: (SocialGraphHandler.h:820:FollowWithUsername) Failed to get user_id from user-service
[2024-01-18 04:19:38.592474] <info>: (ThriftClient.h:84:ThriftClient) Use FaaSWorker for thrift calls
[2024-01-18 04:19:38.592509] <info>: (ClientPool.h:233:Pop) New social-graph client, total_client=1
@@@ UserService
[2024-01-18 04:19:38.593394] <info>: (ClientPool.h:294:Remove) Remove social-graph client, total_client=0
[2024-01-18 04:19:38.593426] <error>: (SocialGraphHandler.h:820:FollowWithUsername) Failed to get user_id from user-service
[2024-01-18 04:19:38.617891] <info>: (ThriftClient.h:84:ThriftClient) Use FaaSWorker for thrift calls
[2024-01-18 04:19:38.617930] <info>: (ClientPool.h:233:Pop) New social-graph client, total_client=1
@@@ UserService
[2024-01-18 04:19:38.618946] <info>: (ClientPool.h:294:Remove) Remove social-graph client, total_client=0
[2024-01-18 04:19:38.618979] <error>: (SocialGraphHandler.h:820:FollowWithUsername) Failed to get user_id from user-service
[2024-01-18 04:19:38.653612] <info>: (ThriftClient.h:84:ThriftClient) Use FaaSWorker for thrift calls
[2024-01-18 04:19:38.653654] <info>: (ClientPool.h:233:Pop) New social-graph client, total_client=1
@@@ UserService
[2024-01-18 04:19:38.654430] <info>: (ClientPool.h:294:Remove) Remove social-graph client, total_client=0
[2024-01-18 04:19:38.654460] <error>: (SocialGraphHandler.h:820:FollowWithUsername) Failed to get user_id from user-service
F0118 04:19:38.737430 Main     func_worker.cpp:100] Check failed: io_utils::RecvMessage(input_pipe_fd_, &message, nullptr) Failed to receive message from engine
*** SIGABRT received at time=1705551578 ***
PC: @     0x7f700d2c2817  (unknown)  raise
    @ ... and at least 1 more frames
