I0118 04:22:15.877352 Main     thread.cpp:100] Register main thread: tid=10
I0118 04:22:15.877460 Main     func_worker.cpp:51] My client_id is 18
[2024-01-18 04:22:15.887275] <info>: (ClientPool.h:195:ClientPool) Max pool size: 128
[2024-01-18 04:22:16.304131] <error>: (utils_mongodb.h:70:CreateIndex) Error in createIndexes: No suitable servers found: `serverSelectionTimeoutMS` expired: [Failed to resolve 'socialnetwork-mongodb']
[2024-01-18 04:22:16.304233] <error>: (SocialGraphService.cpp:42:faas_init) Failed to create mongodb index, try again
[2024-01-18 04:22:17.604118] <error>: (utils_mongodb.h:70:CreateIndex) Error in createIndexes: No suitable servers found: `serverSelectionTimeoutMS` expired: [Failed to resolve 'socialnetwork-mongodb']
[2024-01-18 04:22:17.604202] <error>: (SocialGraphService.cpp:42:faas_init) Failed to create mongodb index, try again
I0118 04:22:18.608615 Main     func_config.cpp:135] Load configuration for function SocialGraphService[1]
I0118 04:22:18.608656 Main     func_config.cpp:135] Load configuration for function ComposePostService[2]
I0118 04:22:18.608670 Main     func_config.cpp:135] Load configuration for function PostStorageService[3]
I0118 04:22:18.608682 Main     func_config.cpp:135] Load configuration for function UserTimelineService[4]
I0118 04:22:18.608693 Main     func_config.cpp:135] Load configuration for function UrlShortenService[5]
I0118 04:22:18.608710 Main     func_config.cpp:135] Load configuration for function UserService[6]
I0118 04:22:18.608722 Main     func_config.cpp:135] Load configuration for function MediaService[7]
I0118 04:22:18.608734 Main     func_config.cpp:135] Load configuration for function TextService[8]
I0118 04:22:18.608744 Main     func_config.cpp:135] Load configuration for function UniqueIdService[9]
I0118 04:22:18.608755 Main     func_config.cpp:135] Load configuration for function UserMentionService[10]
I0118 04:22:18.608766 Main     func_config.cpp:135] Load configuration for function HomeTimelineService[11]
I0118 04:22:18.608818 Main     func_worker.cpp:118] Use extra pipes for messages
I0118 04:22:18.636690 Main     func_worker.cpp:137] Handshake done
[2024-01-18 04:22:18.636754] <info>: (ClientPool.h:195:ClientPool) Max pool size: 128
[2024-01-18 04:22:18.636855] <info>: (ThriftClient.h:84:ThriftClient) Use FaaSWorker for thrift calls
[2024-01-18 04:22:18.636894] <info>: (ClientPool.h:233:Pop) New social-graph client, total_client=1
@@@ UserService
I0118 04:22:22.548813 Main     buffer_pool.h:25] BufferPool[Pipes]: Allocate new buffer, current buffer count is 1
[2024-01-18 04:22:22.548943] <info>: (ClientPool.h:294:Remove) Remove social-graph client, total_client=0
[2024-01-18 04:22:22.548984] <error>: (SocialGraphHandler.h:820:FollowWithUsername) Failed to get user_id from user-service
[2024-01-18 04:22:22.549202] <info>: (ThriftClient.h:84:ThriftClient) Use FaaSWorker for thrift calls
[2024-01-18 04:22:22.549244] <info>: (ClientPool.h:233:Pop) New social-graph client, total_client=1
@@@ UserService
[2024-01-18 04:22:22.550217] <info>: (ClientPool.h:294:Remove) Remove social-graph client, total_client=0
[2024-01-18 04:22:22.550255] <error>: (SocialGraphHandler.h:820:FollowWithUsername) Failed to get user_id from user-service
[2024-01-18 04:22:22.550341] <info>: (ThriftClient.h:84:ThriftClient) Use FaaSWorker for thrift calls
[2024-01-18 04:22:22.550382] <info>: (ClientPool.h:233:Pop) New social-graph client, total_client=1
@@@ UserService
[2024-01-18 04:22:22.551261] <info>: (ClientPool.h:294:Remove) Remove social-graph client, total_client=0
[2024-01-18 04:22:22.551303] <error>: (SocialGraphHandler.h:820:FollowWithUsername) Failed to get user_id from user-service
[2024-01-18 04:22:22.551405] <info>: (ThriftClient.h:84:ThriftClient) Use FaaSWorker for thrift calls
[2024-01-18 04:22:22.551448] <info>: (ClientPool.h:233:Pop) New social-graph client, total_client=1
@@@ UserService
[2024-01-18 04:22:22.552156] <info>: (ClientPool.h:294:Remove) Remove social-graph client, total_client=0
[2024-01-18 04:22:22.552199] <error>: (SocialGraphHandler.h:820:FollowWithUsername) Failed to get user_id from user-service
[2024-01-18 04:22:22.552374] <info>: (ThriftClient.h:84:ThriftClient) Use FaaSWorker for thrift calls
[2024-01-18 04:22:22.552417] <info>: (ClientPool.h:233:Pop) New social-graph client, total_client=1
@@@ UserService
[2024-01-18 04:22:22.553255] <info>: (ClientPool.h:294:Remove) Remove social-graph client, total_client=0
[2024-01-18 04:22:22.553292] <error>: (SocialGraphHandler.h:820:FollowWithUsername) Failed to get user_id from user-service
[2024-01-18 04:22:22.553440] <info>: (ThriftClient.h:84:ThriftClient) Use FaaSWorker for thrift calls
[2024-01-18 04:22:22.553482] <info>: (ClientPool.h:233:Pop) New social-graph client, total_client=1
@@@ UserService
[2024-01-18 04:22:22.554279] <info>: (ClientPool.h:294:Remove) Remove social-graph client, total_client=0
[2024-01-18 04:22:22.554327] <error>: (SocialGraphHandler.h:820:FollowWithUsername) Failed to get user_id from user-service
[2024-01-18 04:22:22.554428] <info>: (ThriftClient.h:84:ThriftClient) Use FaaSWorker for thrift calls
[2024-01-18 04:22:22.554466] <info>: (ClientPool.h:233:Pop) New social-graph client, total_client=1
@@@ UserService
[2024-01-18 04:22:22.555479] <info>: (ClientPool.h:294:Remove) Remove social-graph client, total_client=0
[2024-01-18 04:22:22.555509] <error>: (SocialGraphHandler.h:820:FollowWithUsername) Failed to get user_id from user-service
[2024-01-18 04:22:22.555625] <info>: (ThriftClient.h:84:ThriftClient) Use FaaSWorker for thrift calls
[2024-01-18 04:22:22.555650] <info>: (ClientPool.h:233:Pop) New social-graph client, total_client=1
@@@ UserService
[2024-01-18 04:22:22.556465] <info>: (ClientPool.h:294:Remove) Remove social-graph client, total_client=0
[2024-01-18 04:22:22.556495] <error>: (SocialGraphHandler.h:820:FollowWithUsername) Failed to get user_id from user-service
[2024-01-18 04:22:22.556566] <info>: (ThriftClient.h:84:ThriftClient) Use FaaSWorker for thrift calls
[2024-01-18 04:22:22.556591] <info>: (ClientPool.h:233:Pop) New social-graph client, total_client=1
@@@ UserService
[2024-01-18 04:22:22.557530] <info>: (ClientPool.h:294:Remove) Remove social-graph client, total_client=0
[2024-01-18 04:22:22.557564] <error>: (SocialGraphHandler.h:820:FollowWithUsername) Failed to get user_id from user-service
[2024-01-18 04:22:22.557664] <info>: (ThriftClient.h:84:ThriftClient) Use FaaSWorker for thrift calls
[2024-01-18 04:22:22.557689] <info>: (ClientPool.h:233:Pop) New social-graph client, total_client=1
@@@ UserService
[2024-01-18 04:22:22.558487] <info>: (ClientPool.h:294:Remove) Remove social-graph client, total_client=0
[2024-01-18 04:22:22.558524] <error>: (SocialGraphHandler.h:820:FollowWithUsername) Failed to get user_id from user-service
[2024-01-18 04:22:22.558604] <info>: (ThriftClient.h:84:ThriftClient) Use FaaSWorker for thrift calls
[2024-01-18 04:22:22.558631] <info>: (ClientPool.h:233:Pop) New social-graph client, total_client=1
@@@ UserService
[2024-01-18 04:22:22.559424] <info>: (ClientPool.h:294:Remove) Remove social-graph client, total_client=0
[2024-01-18 04:22:22.559457] <error>: (SocialGraphHandler.h:820:FollowWithUsername) Failed to get user_id from user-service
[2024-01-18 04:22:22.559526] <info>: (ThriftClient.h:84:ThriftClient) Use FaaSWorker for thrift calls
[2024-01-18 04:22:22.559552] <info>: (ClientPool.h:233:Pop) New social-graph client, total_client=1
@@@ UserService
[2024-01-18 04:22:22.560483] <info>: (ClientPool.h:294:Remove) Remove social-graph client, total_client=0
[2024-01-18 04:22:22.560513] <error>: (SocialGraphHandler.h:820:FollowWithUsername) Failed to get user_id from user-service
[2024-01-18 04:22:22.560581] <info>: (ThriftClient.h:84:ThriftClient) Use FaaSWorker for thrift calls
[2024-01-18 04:22:22.560606] <info>: (ClientPool.h:233:Pop) New social-graph client, total_client=1
@@@ UserService
[2024-01-18 04:22:22.561558] <info>: (ClientPool.h:294:Remove) Remove social-graph client, total_client=0
[2024-01-18 04:22:22.561591] <error>: (SocialGraphHandler.h:820:FollowWithUsername) Failed to get user_id from user-service
[2024-01-18 04:22:22.561668] <info>: (ThriftClient.h:84:ThriftClient) Use FaaSWorker for thrift calls
[2024-01-18 04:22:22.561712] <info>: (ClientPool.h:233:Pop) New social-graph client, total_client=1
@@@ UserService
[2024-01-18 04:22:22.562432] <info>: (ClientPool.h:294:Remove) Remove social-graph client, total_client=0
[2024-01-18 04:22:22.562465] <error>: (SocialGraphHandler.h:820:FollowWithUsername) Failed to get user_id from user-service
[2024-01-18 04:22:22.562541] <info>: (ThriftClient.h:84:ThriftClient) Use FaaSWorker for thrift calls
[2024-01-18 04:22:22.562566] <info>: (ClientPool.h:233:Pop) New social-graph client, total_client=1
@@@ UserService
[2024-01-18 04:22:22.563267] <info>: (ClientPool.h:294:Remove) Remove social-graph client, total_client=0
[2024-01-18 04:22:22.563307] <error>: (SocialGraphHandler.h:820:FollowWithUsername) Failed to get user_id from user-service
[2024-01-18 04:22:22.563396] <info>: (ThriftClient.h:84:ThriftClient) Use FaaSWorker for thrift calls
[2024-01-18 04:22:22.563422] <info>: (ClientPool.h:233:Pop) New social-graph client, total_client=1
@@@ UserService
[2024-01-18 04:22:22.564149] <info>: (ClientPool.h:294:Remove) Remove social-graph client, total_client=0
[2024-01-18 04:22:22.564185] <error>: (SocialGraphHandler.h:820:FollowWithUsername) Failed to get user_id from user-service
[2024-01-18 04:22:22.564259] <info>: (ThriftClient.h:84:ThriftClient) Use FaaSWorker for thrift calls
[2024-01-18 04:22:22.564285] <info>: (ClientPool.h:233:Pop) New social-graph client, total_client=1
@@@ UserService
[2024-01-18 04:22:22.565040] <info>: (ClientPool.h:294:Remove) Remove social-graph client, total_client=0
[2024-01-18 04:22:22.565089] <error>: (SocialGraphHandler.h:820:FollowWithUsername) Failed to get user_id from user-service
[2024-01-18 04:22:22.565189] <info>: (ThriftClient.h:84:ThriftClient) Use FaaSWorker for thrift calls
[2024-01-18 04:22:22.565218] <info>: (ClientPool.h:233:Pop) New social-graph client, total_client=1
@@@ UserService
[2024-01-18 04:22:22.565958] <info>: (ClientPool.h:294:Remove) Remove social-graph client, total_client=0
[2024-01-18 04:22:22.565991] <error>: (SocialGraphHandler.h:820:FollowWithUsername) Failed to get user_id from user-service
[2024-01-18 04:22:22.566059] <info>: (ThriftClient.h:84:ThriftClient) Use FaaSWorker for thrift calls
[2024-01-18 04:22:22.566084] <info>: (ClientPool.h:233:Pop) New social-graph client, total_client=1
@@@ UserService
[2024-01-18 04:22:22.566840] <info>: (ClientPool.h:294:Remove) Remove social-graph client, total_client=0
[2024-01-18 04:22:22.566882] <error>: (SocialGraphHandler.h:820:FollowWithUsername) Failed to get user_id from user-service
[2024-01-18 04:22:22.567791] <info>: (ThriftClient.h:84:ThriftClient) Use FaaSWorker for thrift calls
[2024-01-18 04:22:22.567835] <info>: (ClientPool.h:233:Pop) New social-graph client, total_client=1
@@@ UserService
[2024-01-18 04:22:22.568692] <info>: (ClientPool.h:294:Remove) Remove social-graph client, total_client=0
[2024-01-18 04:22:22.568724] <error>: (SocialGraphHandler.h:820:FollowWithUsername) Failed to get user_id from user-service
[2024-01-18 04:22:22.568809] <info>: (ThriftClient.h:84:ThriftClient) Use FaaSWorker for thrift calls
[2024-01-18 04:22:22.568848] <info>: (ClientPool.h:233:Pop) New social-graph client, total_client=1
@@@ UserService
[2024-01-18 04:22:22.569484] <info>: (ClientPool.h:294:Remove) Remove social-graph client, total_client=0
[2024-01-18 04:22:22.569512] <error>: (SocialGraphHandler.h:820:FollowWithUsername) Failed to get user_id from user-service
[2024-01-18 04:22:22.569584] <info>: (ThriftClient.h:84:ThriftClient) Use FaaSWorker for thrift calls
[2024-01-18 04:22:22.569623] <info>: (ClientPool.h:233:Pop) New social-graph client, total_client=1
@@@ UserService
[2024-01-18 04:22:22.570325] <info>: (ClientPool.h:294:Remove) Remove social-graph client, total_client=0
[2024-01-18 04:22:22.570353] <error>: (SocialGraphHandler.h:820:FollowWithUsername) Failed to get user_id from user-service
[2024-01-18 04:22:22.570423] <info>: (ThriftClient.h:84:ThriftClient) Use FaaSWorker for thrift calls
[2024-01-18 04:22:22.570480] <info>: (ClientPool.h:233:Pop) New social-graph client, total_client=1
@@@ UserService
[2024-01-18 04:22:22.571220] <info>: (ClientPool.h:294:Remove) Remove social-graph client, total_client=0
[2024-01-18 04:22:22.571247] <error>: (SocialGraphHandler.h:820:FollowWithUsername) Failed to get user_id from user-service
[2024-01-18 04:22:22.571317] <info>: (ThriftClient.h:84:ThriftClient) Use FaaSWorker for thrift calls
[2024-01-18 04:22:22.571356] <info>: (ClientPool.h:233:Pop) New social-graph client, total_client=1
@@@ UserService
[2024-01-18 04:22:22.572015] <info>: (ClientPool.h:294:Remove) Remove social-graph client, total_client=0
[2024-01-18 04:22:22.572042] <error>: (SocialGraphHandler.h:820:FollowWithUsername) Failed to get user_id from user-service
[2024-01-18 04:22:22.572112] <info>: (ThriftClient.h:84:ThriftClient) Use FaaSWorker for thrift calls
[2024-01-18 04:22:22.572150] <info>: (ClientPool.h:233:Pop) New social-graph client, total_client=1
@@@ UserService
[2024-01-18 04:22:22.572827] <info>: (ClientPool.h:294:Remove) Remove social-graph client, total_client=0
[2024-01-18 04:22:22.572855] <error>: (SocialGraphHandler.h:820:FollowWithUsername) Failed to get user_id from user-service
[2024-01-18 04:22:22.572930] <info>: (ThriftClient.h:84:ThriftClient) Use FaaSWorker for thrift calls
[2024-01-18 04:22:22.572969] <info>: (ClientPool.h:233:Pop) New social-graph client, total_client=1
@@@ UserService
[2024-01-18 04:22:22.573658] <info>: (ClientPool.h:294:Remove) Remove social-graph client, total_client=0
[2024-01-18 04:22:22.573686] <error>: (SocialGraphHandler.h:820:FollowWithUsername) Failed to get user_id from user-service
[2024-01-18 04:22:22.573755] <info>: (ThriftClient.h:84:ThriftClient) Use FaaSWorker for thrift calls
[2024-01-18 04:22:22.573794] <info>: (ClientPool.h:233:Pop) New social-graph client, total_client=1
@@@ UserService
[2024-01-18 04:22:22.574415] <info>: (ClientPool.h:294:Remove) Remove social-graph client, total_client=0
[2024-01-18 04:22:22.574444] <error>: (SocialGraphHandler.h:820:FollowWithUsername) Failed to get user_id from user-service
[2024-01-18 04:22:22.574515] <info>: (ThriftClient.h:84:ThriftClient) Use FaaSWorker for thrift calls
[2024-01-18 04:22:22.574553] <info>: (ClientPool.h:233:Pop) New social-graph client, total_client=1
@@@ UserService
[2024-01-18 04:22:22.575174] <info>: (ClientPool.h:294:Remove) Remove social-graph client, total_client=0
[2024-01-18 04:22:22.575201] <error>: (SocialGraphHandler.h:820:FollowWithUsername) Failed to get user_id from user-service
[2024-01-18 04:22:22.575270] <info>: (ThriftClient.h:84:ThriftClient) Use FaaSWorker for thrift calls
[2024-01-18 04:22:22.575309] <info>: (ClientPool.h:233:Pop) New social-graph client, total_client=1
@@@ UserService
[2024-01-18 04:22:22.575971] <info>: (ClientPool.h:294:Remove) Remove social-graph client, total_client=0
[2024-01-18 04:22:22.575998] <error>: (SocialGraphHandler.h:820:FollowWithUsername) Failed to get user_id from user-service
[2024-01-18 04:22:22.576068] <info>: (ThriftClient.h:84:ThriftClient) Use FaaSWorker for thrift calls
[2024-01-18 04:22:22.576106] <info>: (ClientPool.h:233:Pop) New social-graph client, total_client=1
@@@ UserService
[2024-01-18 04:22:22.576791] <info>: (ClientPool.h:294:Remove) Remove social-graph client, total_client=0
[2024-01-18 04:22:22.576819] <error>: (SocialGraphHandler.h:820:FollowWithUsername) Failed to get user_id from user-service
[2024-01-18 04:22:22.576898] <info>: (ThriftClient.h:84:ThriftClient) Use FaaSWorker for thrift calls
[2024-01-18 04:22:22.576938] <info>: (ClientPool.h:233:Pop) New social-graph client, total_client=1
@@@ UserService
[2024-01-18 04:22:22.577636] <info>: (ClientPool.h:294:Remove) Remove social-graph client, total_client=0
[2024-01-18 04:22:22.577675] <error>: (SocialGraphHandler.h:820:FollowWithUsername) Failed to get user_id from user-service
[2024-01-18 04:22:22.577766] <info>: (ThriftClient.h:84:ThriftClient) Use FaaSWorker for thrift calls
[2024-01-18 04:22:22.577805] <info>: (ClientPool.h:233:Pop) New social-graph client, total_client=1
@@@ UserService
[2024-01-18 04:22:22.578445] <info>: (ClientPool.h:294:Remove) Remove social-graph client, total_client=0
[2024-01-18 04:22:22.578482] <error>: (SocialGraphHandler.h:820:FollowWithUsername) Failed to get user_id from user-service
[2024-01-18 04:22:22.578572] <info>: (ThriftClient.h:84:ThriftClient) Use FaaSWorker for thrift calls
[2024-01-18 04:22:22.578617] <info>: (ClientPool.h:233:Pop) New social-graph client, total_client=1
@@@ UserService
[2024-01-18 04:22:22.579349] <info>: (ClientPool.h:294:Remove) Remove social-graph client, total_client=0
[2024-01-18 04:22:22.579385] <error>: (SocialGraphHandler.h:820:FollowWithUsername) Failed to get user_id from user-service
[2024-01-18 04:22:22.579485] <info>: (ThriftClient.h:84:ThriftClient) Use FaaSWorker for thrift calls
[2024-01-18 04:22:22.579525] <info>: (ClientPool.h:233:Pop) New social-graph client, total_client=1
@@@ UserService
[2024-01-18 04:22:22.580215] <info>: (ClientPool.h:294:Remove) Remove social-graph client, total_client=0
[2024-01-18 04:22:22.580256] <error>: (SocialGraphHandler.h:820:FollowWithUsername) Failed to get user_id from user-service
