I0118 04:19:34.993118 Main     thread.cpp:100] Register main thread: tid=26
I0118 04:19:34.993229 Main     func_worker.cpp:51] My client_id is 54
[2024-01-18 04:19:35.001545] <info>: (ClientPool.h:195:ClientPool) Max pool size: 128
I0118 04:19:35.005625 Main     func_config.cpp:135] Load configuration for function SocialGraphService[1]
I0118 04:19:35.005663 Main     func_config.cpp:135] Load configuration for function ComposePostService[2]
I0118 04:19:35.005677 Main     func_config.cpp:135] Load configuration for function PostStorageService[3]
I0118 04:19:35.005688 Main     func_config.cpp:135] Load configuration for function UserTimelineService[4]
I0118 04:19:35.005702 Main     func_config.cpp:135] Load configuration for function UrlShortenService[5]
I0118 04:19:35.005720 Main     func_config.cpp:135] Load configuration for function UserService[6]
I0118 04:19:35.005739 Main     func_config.cpp:135] Load configuration for function MediaService[7]
I0118 04:19:35.005765 Main     func_config.cpp:135] Load configuration for function TextService[8]
I0118 04:19:35.005786 Main     func_config.cpp:135] Load configuration for function UniqueIdService[9]
I0118 04:19:35.005806 Main     func_config.cpp:135] Load configuration for function UserMentionService[10]
I0118 04:19:35.005823 Main     func_config.cpp:135] Load configuration for function HomeTimelineService[11]
I0118 04:19:35.005880 Main     func_worker.cpp:118] Use extra pipes for messages
I0118 04:19:35.006163 Main     func_worker.cpp:137] Handshake done
[2024-01-18 04:19:35.006200] <info>: (ClientPool.h:195:ClientPool) Max pool size: 128
[2024-01-18 04:19:35.044830] <info>: (ThriftClient.h:84:ThriftClient) Use FaaSWorker for thrift calls
[2024-01-18 04:19:35.044875] <info>: (ClientPool.h:233:Pop) New social-graph client, total_client=1
@@@ UserService
I0118 04:19:35.045749 Main     buffer_pool.h:25] BufferPool[Pipes]: Allocate new buffer, current buffer count is 1
[2024-01-18 04:19:35.045846] <info>: (ClientPool.h:294:Remove) Remove social-graph client, total_client=0
[2024-01-18 04:19:35.045874] <error>: (SocialGraphHandler.h:820:FollowWithUsername) Failed to get user_id from user-service
[2024-01-18 04:19:35.108560] <info>: (ThriftClient.h:84:ThriftClient) Use FaaSWorker for thrift calls
[2024-01-18 04:19:35.108600] <info>: (ClientPool.h:233:Pop) New social-graph client, total_client=1
@@@ UserService
@@@ UserService
I0118 04:19:35.212250 Main     buffer_pool.h:25] BufferPool[Pipes]: Allocate new buffer, current buffer count is 2
[2024-01-18 04:19:35.212337] <info>: (ClientPool.h:294:Remove) Remove social-graph client, total_client=0
[2024-01-18 04:19:35.212380] <error>: (SocialGraphHandler.h:849:FollowWithUsername) Failed to get user_id from user-service
[2024-01-18 04:19:35.233378] <info>: (ThriftClient.h:84:ThriftClient) Use FaaSWorker for thrift calls
[2024-01-18 04:19:35.233416] <info>: (ClientPool.h:233:Pop) New social-graph client, total_client=1
@@@ UserService
[2024-01-18 04:19:35.234269] <info>: (ClientPool.h:294:Remove) Remove social-graph client, total_client=0
[2024-01-18 04:19:35.234307] <error>: (SocialGraphHandler.h:820:FollowWithUsername) Failed to get user_id from user-service
[2024-01-18 04:19:35.234891] <info>: (ThriftClient.h:84:ThriftClient) Use FaaSWorker for thrift calls
[2024-01-18 04:19:35.234931] <info>: (ClientPool.h:233:Pop) New social-graph client, total_client=1
@@@ UserService
@@@ UserService
[2024-01-18 04:19:35.236416] <info>: (ClientPool.h:294:Remove) Remove social-graph client, total_client=0
[2024-01-18 04:19:35.236445] <error>: (SocialGraphHandler.h:849:FollowWithUsername) Failed to get user_id from user-service
[2024-01-18 04:19:35.272320] <info>: (ThriftClient.h:84:ThriftClient) Use FaaSWorker for thrift calls
[2024-01-18 04:19:35.272359] <info>: (ClientPool.h:233:Pop) New social-graph client, total_client=1
@@@ UserService
@@@ UserService
[2024-01-18 04:19:35.273949] <info>: (ClientPool.h:294:Remove) Remove social-graph client, total_client=0
[2024-01-18 04:19:35.273979] <error>: (SocialGraphHandler.h:849:FollowWithUsername) Failed to get user_id from user-service
[2024-01-18 04:19:35.296985] <info>: (ThriftClient.h:84:ThriftClient) Use FaaSWorker for thrift calls
[2024-01-18 04:19:35.297024] <info>: (ClientPool.h:233:Pop) New social-graph client, total_client=1
@@@ UserService
[2024-01-18 04:19:35.297797] <info>: (ClientPool.h:294:Remove) Remove social-graph client, total_client=0
[2024-01-18 04:19:35.297826] <error>: (SocialGraphHandler.h:820:FollowWithUsername) Failed to get user_id from user-service
[2024-01-18 04:19:35.333187] <info>: (ThriftClient.h:84:ThriftClient) Use FaaSWorker for thrift calls
[2024-01-18 04:19:35.333226] <info>: (ClientPool.h:233:Pop) New social-graph client, total_client=1
@@@ UserService
[2024-01-18 04:19:35.334135] <info>: (ClientPool.h:294:Remove) Remove social-graph client, total_client=0
[2024-01-18 04:19:35.334166] <error>: (SocialGraphHandler.h:820:FollowWithUsername) Failed to get user_id from user-service
[2024-01-18 04:19:35.334407] <info>: (ThriftClient.h:84:ThriftClient) Use FaaSWorker for thrift calls
[2024-01-18 04:19:35.334451] <info>: (ClientPool.h:233:Pop) New social-graph client, total_client=1
@@@ UserService
[2024-01-18 04:19:35.335337] <info>: (ClientPool.h:294:Remove) Remove social-graph client, total_client=0
[2024-01-18 04:19:35.335373] <error>: (SocialGraphHandler.h:820:FollowWithUsername) Failed to get user_id from user-service
[2024-01-18 04:19:35.395561] <info>: (ThriftClient.h:84:ThriftClient) Use FaaSWorker for thrift calls
[2024-01-18 04:19:35.395606] <info>: (ClientPool.h:233:Pop) New social-graph client, total_client=1
@@@ UserService
[2024-01-18 04:19:35.396501] <info>: (ClientPool.h:294:Remove) Remove social-graph client, total_client=0
[2024-01-18 04:19:35.396542] <error>: (SocialGraphHandler.h:820:FollowWithUsername) Failed to get user_id from user-service
[2024-01-18 04:19:35.457174] <info>: (ThriftClient.h:84:ThriftClient) Use FaaSWorker for thrift calls
[2024-01-18 04:19:35.457225] <info>: (ClientPool.h:233:Pop) New social-graph client, total_client=1
@@@ UserService
@@@ UserService
[2024-01-18 04:19:35.458720] <info>: (ClientPool.h:294:Remove) Remove social-graph client, total_client=0
[2024-01-18 04:19:35.458748] <error>: (SocialGraphHandler.h:849:FollowWithUsername) Failed to get user_id from user-service
[2024-01-18 04:19:35.480217] <info>: (ThriftClient.h:84:ThriftClient) Use FaaSWorker for thrift calls
[2024-01-18 04:19:35.480255] <info>: (ClientPool.h:233:Pop) New social-graph client, total_client=1
@@@ UserService
[2024-01-18 04:19:35.481197] <info>: (ClientPool.h:294:Remove) Remove social-graph client, total_client=0
[2024-01-18 04:19:35.481234] <error>: (SocialGraphHandler.h:820:FollowWithUsername) Failed to get user_id from user-service
[2024-01-18 04:19:35.518438] <info>: (ThriftClient.h:84:ThriftClient) Use FaaSWorker for thrift calls
[2024-01-18 04:19:35.518475] <info>: (ClientPool.h:233:Pop) New social-graph client, total_client=1
@@@ UserService
[2024-01-18 04:19:35.519269] <info>: (ClientPool.h:294:Remove) Remove social-graph client, total_client=0
[2024-01-18 04:19:35.519299] <error>: (SocialGraphHandler.h:820:FollowWithUsername) Failed to get user_id from user-service
[2024-01-18 04:19:35.579827] <info>: (ThriftClient.h:84:ThriftClient) Use FaaSWorker for thrift calls
[2024-01-18 04:19:35.579885] <info>: (ClientPool.h:233:Pop) New social-graph client, total_client=1
@@@ UserService
@@@ UserService
[2024-01-18 04:19:35.581336] <info>: (ClientPool.h:294:Remove) Remove social-graph client, total_client=0
[2024-01-18 04:19:35.581369] <error>: (SocialGraphHandler.h:849:FollowWithUsername) Failed to get user_id from user-service
[2024-01-18 04:19:35.603613] <info>: (ThriftClient.h:84:ThriftClient) Use FaaSWorker for thrift calls
[2024-01-18 04:19:35.603655] <info>: (ClientPool.h:233:Pop) New social-graph client, total_client=1
@@@ UserService
@@@ UserService
[2024-01-18 04:19:35.605308] <info>: (ClientPool.h:294:Remove) Remove social-graph client, total_client=0
[2024-01-18 04:19:35.605346] <error>: (SocialGraphHandler.h:849:FollowWithUsername) Failed to get user_id from user-service
[2024-01-18 04:19:35.640513] <info>: (ThriftClient.h:84:ThriftClient) Use FaaSWorker for thrift calls
[2024-01-18 04:19:35.640551] <info>: (ClientPool.h:233:Pop) New social-graph client, total_client=1
@@@ UserService
@@@ UserService
[2024-01-18 04:19:35.642344] <info>: (ClientPool.h:294:Remove) Remove social-graph client, total_client=0
[2024-01-18 04:19:35.642381] <error>: (SocialGraphHandler.h:849:FollowWithUsername) Failed to get user_id from user-service
[2024-01-18 04:19:35.665737] <info>: (ThriftClient.h:84:ThriftClient) Use FaaSWorker for thrift calls
[2024-01-18 04:19:35.665769] <info>: (ClientPool.h:233:Pop) New social-graph client, total_client=1
@@@ UserService
[2024-01-18 04:19:35.666468] <info>: (ClientPool.h:294:Remove) Remove social-graph client, total_client=0
[2024-01-18 04:19:35.666498] <error>: (SocialGraphHandler.h:820:FollowWithUsername) Failed to get user_id from user-service
[2024-01-18 04:19:35.702467] <info>: (ThriftClient.h:84:ThriftClient) Use FaaSWorker for thrift calls
[2024-01-18 04:19:35.702505] <info>: (ClientPool.h:233:Pop) New social-graph client, total_client=1
@@@ UserService
[2024-01-18 04:19:35.703344] <info>: (ClientPool.h:294:Remove) Remove social-graph client, total_client=0
[2024-01-18 04:19:35.703390] <error>: (SocialGraphHandler.h:820:FollowWithUsername) Failed to get user_id from user-service
[2024-01-18 04:19:35.703726] <info>: (ThriftClient.h:84:ThriftClient) Use FaaSWorker for thrift calls
[2024-01-18 04:19:35.703757] <info>: (ClientPool.h:233:Pop) New social-graph client, total_client=1
@@@ UserService
[2024-01-18 04:19:35.704528] <info>: (ClientPool.h:294:Remove) Remove social-graph client, total_client=0
[2024-01-18 04:19:35.704566] <error>: (SocialGraphHandler.h:820:FollowWithUsername) Failed to get user_id from user-service
[2024-01-18 04:19:35.726825] <info>: (ThriftClient.h:84:ThriftClient) Use FaaSWorker for thrift calls
[2024-01-18 04:19:35.726863] <info>: (ClientPool.h:233:Pop) New social-graph client, total_client=1
@@@ UserService
@@@ UserService
[2024-01-18 04:19:35.728488] <info>: (ClientPool.h:294:Remove) Remove social-graph client, total_client=0
[2024-01-18 04:19:35.728519] <error>: (SocialGraphHandler.h:849:FollowWithUsername) Failed to get user_id from user-service
[2024-01-18 04:19:35.764214] <info>: (ThriftClient.h:84:ThriftClient) Use FaaSWorker for thrift calls
[2024-01-18 04:19:35.764263] <info>: (ClientPool.h:233:Pop) New social-graph client, total_client=1
@@@ UserService
@@@ UserService
[2024-01-18 04:19:35.765934] <info>: (ClientPool.h:294:Remove) Remove social-graph client, total_client=0
[2024-01-18 04:19:35.765966] <error>: (SocialGraphHandler.h:849:FollowWithUsername) Failed to get user_id from user-service
[2024-01-18 04:19:35.788771] <info>: (ThriftClient.h:84:ThriftClient) Use FaaSWorker for thrift calls
[2024-01-18 04:19:35.788803] <info>: (ClientPool.h:233:Pop) New social-graph client, total_client=1
@@@ UserService
[2024-01-18 04:19:35.789634] <info>: (ClientPool.h:294:Remove) Remove social-graph client, total_client=0
[2024-01-18 04:19:35.789664] <error>: (SocialGraphHandler.h:820:FollowWithUsername) Failed to get user_id from user-service
[2024-01-18 04:19:35.825601] <info>: (ThriftClient.h:84:ThriftClient) Use FaaSWorker for thrift calls
[2024-01-18 04:19:35.825639] <info>: (ClientPool.h:233:Pop) New social-graph client, total_client=1
@@@ UserService
[2024-01-18 04:19:35.826333] <info>: (ClientPool.h:294:Remove) Remove social-graph client, total_client=0
[2024-01-18 04:19:35.826362] <error>: (SocialGraphHandler.h:820:FollowWithUsername) Failed to get user_id from user-service
[2024-01-18 04:19:35.887663] <info>: (ThriftClient.h:84:ThriftClient) Use FaaSWorker for thrift calls
[2024-01-18 04:19:35.887710] <info>: (ClientPool.h:233:Pop) New social-graph client, total_client=1
@@@ UserService
@@@ UserService
[2024-01-18 04:19:35.889262] <info>: (ClientPool.h:294:Remove) Remove social-graph client, total_client=0
[2024-01-18 04:19:35.889290] <error>: (SocialGraphHandler.h:849:FollowWithUsername) Failed to get user_id from user-service
[2024-01-18 04:19:35.911137] <info>: (ThriftClient.h:84:ThriftClient) Use FaaSWorker for thrift calls
[2024-01-18 04:19:35.911180] <info>: (ClientPool.h:233:Pop) New social-graph client, total_client=1
@@@ UserService
[2024-01-18 04:19:35.911939] <info>: (ClientPool.h:294:Remove) Remove social-graph client, total_client=0
[2024-01-18 04:19:35.911978] <error>: (SocialGraphHandler.h:820:FollowWithUsername) Failed to get user_id from user-service
[2024-01-18 04:19:35.912211] <info>: (ThriftClient.h:84:ThriftClient) Use FaaSWorker for thrift calls
[2024-01-18 04:19:35.912243] <info>: (ClientPool.h:233:Pop) New social-graph client, total_client=1
@@@ UserService
[2024-01-18 04:19:35.912904] <info>: (ClientPool.h:294:Remove) Remove social-graph client, total_client=0
[2024-01-18 04:19:35.912935] <error>: (SocialGraphHandler.h:820:FollowWithUsername) Failed to get user_id from user-service
[2024-01-18 04:19:35.948081] <info>: (ThriftClient.h:84:ThriftClient) Use FaaSWorker for thrift calls
[2024-01-18 04:19:35.948130] <info>: (ClientPool.h:233:Pop) New social-graph client, total_client=1
@@@ UserService
[2024-01-18 04:19:35.949042] <info>: (ClientPool.h:294:Remove) Remove social-graph client, total_client=0
[2024-01-18 04:19:35.949082] <error>: (SocialGraphHandler.h:820:FollowWithUsername) Failed to get user_id from user-service
[2024-01-18 04:19:35.949357] <info>: (ThriftClient.h:84:ThriftClient) Use FaaSWorker for thrift calls
[2024-01-18 04:19:35.949383] <info>: (ClientPool.h:233:Pop) New social-graph client, total_client=1
@@@ UserService
[2024-01-18 04:19:35.950170] <info>: (ClientPool.h:294:Remove) Remove social-graph client, total_client=0
[2024-01-18 04:19:35.950210] <error>: (SocialGraphHandler.h:820:FollowWithUsername) Failed to get user_id from user-service
[2024-01-18 04:19:35.973039] <info>: (ThriftClient.h:84:ThriftClient) Use FaaSWorker for thrift calls
[2024-01-18 04:19:35.973077] <info>: (ClientPool.h:233:Pop) New social-graph client, total_client=1
@@@ UserService
[2024-01-18 04:19:35.973891] <info>: (ClientPool.h:294:Remove) Remove social-graph client, total_client=0
[2024-01-18 04:19:35.973924] <error>: (SocialGraphHandler.h:820:FollowWithUsername) Failed to get user_id from user-service
[2024-01-18 04:19:36.009939] <info>: (ThriftClient.h:84:ThriftClient) Use FaaSWorker for thrift calls
[2024-01-18 04:19:36.009977] <info>: (ClientPool.h:233:Pop) New social-graph client, total_client=1
@@@ UserService
@@@ UserService
[2024-01-18 04:19:36.011620] <info>: (ClientPool.h:294:Remove) Remove social-graph client, total_client=0
[2024-01-18 04:19:36.011654] <error>: (SocialGraphHandler.h:849:FollowWithUsername) Failed to get user_id from user-service
[2024-01-18 04:19:36.034375] <info>: (ThriftClient.h:84:ThriftClient) Use FaaSWorker for thrift calls
[2024-01-18 04:19:36.034412] <info>: (ClientPool.h:233:Pop) New social-graph client, total_client=1
@@@ UserService
[2024-01-18 04:19:36.035144] <info>: (ClientPool.h:294:Remove) Remove social-graph client, total_client=0
[2024-01-18 04:19:36.035175] <error>: (SocialGraphHandler.h:820:FollowWithUsername) Failed to get user_id from user-service
[2024-01-18 04:19:36.071977] <info>: (ThriftClient.h:84:ThriftClient) Use FaaSWorker for thrift calls
[2024-01-18 04:19:36.072017] <info>: (ClientPool.h:233:Pop) New social-graph client, total_client=1
@@@ UserService
[2024-01-18 04:19:36.072966] <info>: (ClientPool.h:294:Remove) Remove social-graph client, total_client=0
[2024-01-18 04:19:36.073010] <error>: (SocialGraphHandler.h:820:FollowWithUsername) Failed to get user_id from user-service
[2024-01-18 04:19:36.134095] <info>: (ThriftClient.h:84:ThriftClient) Use FaaSWorker for thrift calls
[2024-01-18 04:19:36.134148] <info>: (ClientPool.h:233:Pop) New social-graph client, total_client=1
@@@ UserService
[2024-01-18 04:19:36.134956] <info>: (ClientPool.h:294:Remove) Remove social-graph client, total_client=0
[2024-01-18 04:19:36.134998] <error>: (SocialGraphHandler.h:820:FollowWithUsername) Failed to get user_id from user-service
[2024-01-18 04:19:36.157535] <info>: (ThriftClient.h:84:ThriftClient) Use FaaSWorker for thrift calls
[2024-01-18 04:19:36.157591] <info>: (ClientPool.h:233:Pop) New social-graph client, total_client=1
@@@ UserService
@@@ UserService
[2024-01-18 04:19:36.158887] <info>: (ClientPool.h:294:Remove) Remove social-graph client, total_client=0
[2024-01-18 04:19:36.158917] <error>: (SocialGraphHandler.h:849:FollowWithUsername) Failed to get user_id from user-service
[2024-01-18 04:19:36.194312] <info>: (ThriftClient.h:84:ThriftClient) Use FaaSWorker for thrift calls
[2024-01-18 04:19:36.194360] <info>: (ClientPool.h:233:Pop) New social-graph client, total_client=1
@@@ UserService
@@@ UserService
[2024-01-18 04:19:36.196128] <info>: (ClientPool.h:294:Remove) Remove social-graph client, total_client=0
[2024-01-18 04:19:36.196158] <error>: (SocialGraphHandler.h:849:FollowWithUsername) Failed to get user_id from user-service
[2024-01-18 04:19:36.257073] <info>: (ThriftClient.h:84:ThriftClient) Use FaaSWorker for thrift calls
[2024-01-18 04:19:36.257118] <info>: (ClientPool.h:233:Pop) New social-graph client, total_client=1
@@@ UserService
[2024-01-18 04:19:36.257770] <info>: (ClientPool.h:294:Remove) Remove social-graph client, total_client=0
[2024-01-18 04:19:36.257801] <error>: (SocialGraphHandler.h:820:FollowWithUsername) Failed to get user_id from user-service
[2024-01-18 04:19:36.279994] <info>: (ThriftClient.h:84:ThriftClient) Use FaaSWorker for thrift calls
[2024-01-18 04:19:36.280032] <info>: (ClientPool.h:233:Pop) New social-graph client, total_client=1
@@@ UserService
@@@ UserService
[2024-01-18 04:19:36.281654] <info>: (ClientPool.h:294:Remove) Remove social-graph client, total_client=0
[2024-01-18 04:19:36.281692] <error>: (SocialGraphHandler.h:849:FollowWithUsername) Failed to get user_id from user-service
[2024-01-18 04:19:36.317683] <info>: (ThriftClient.h:84:ThriftClient) Use FaaSWorker for thrift calls
[2024-01-18 04:19:36.317720] <info>: (ClientPool.h:233:Pop) New social-graph client, total_client=1
@@@ UserService
@@@ UserService
[2024-01-18 04:19:36.319137] <info>: (ClientPool.h:294:Remove) Remove social-graph client, total_client=0
[2024-01-18 04:19:36.319176] <error>: (SocialGraphHandler.h:849:FollowWithUsername) Failed to get user_id from user-service
[2024-01-18 04:19:36.380107] <info>: (ThriftClient.h:84:ThriftClient) Use FaaSWorker for thrift calls
[2024-01-18 04:19:36.380145] <info>: (ClientPool.h:233:Pop) New social-graph client, total_client=1
@@@ UserService
@@@ UserService
[2024-01-18 04:19:36.381712] <info>: (ClientPool.h:294:Remove) Remove social-graph client, total_client=0
[2024-01-18 04:19:36.381754] <error>: (SocialGraphHandler.h:849:FollowWithUsername) Failed to get user_id from user-service
[2024-01-18 04:19:36.402954] <info>: (ThriftClient.h:84:ThriftClient) Use FaaSWorker for thrift calls
[2024-01-18 04:19:36.402997] <info>: (ClientPool.h:233:Pop) New social-graph client, total_client=1
@@@ UserService
@@@ UserService
[2024-01-18 04:19:36.404554] <info>: (ClientPool.h:294:Remove) Remove social-graph client, total_client=0
[2024-01-18 04:19:36.404596] <error>: (SocialGraphHandler.h:849:FollowWithUsername) Failed to get user_id from user-service
[2024-01-18 04:19:36.440825] <info>: (ThriftClient.h:84:ThriftClient) Use FaaSWorker for thrift calls
[2024-01-18 04:19:36.440866] <info>: (ClientPool.h:233:Pop) New social-graph client, total_client=1
@@@ UserService
[2024-01-18 04:19:36.441817] <info>: (ClientPool.h:294:Remove) Remove social-graph client, total_client=0
[2024-01-18 04:19:36.441856] <error>: (SocialGraphHandler.h:820:FollowWithUsername) Failed to get user_id from user-service
[2024-01-18 04:19:36.442220] <info>: (ThriftClient.h:84:ThriftClient) Use FaaSWorker for thrift calls
[2024-01-18 04:19:36.442260] <info>: (ClientPool.h:233:Pop) New social-graph client, total_client=1
@@@ UserService
@@@ UserService
[2024-01-18 04:19:36.443949] <info>: (ClientPool.h:294:Remove) Remove social-graph client, total_client=0
[2024-01-18 04:19:36.443987] <error>: (SocialGraphHandler.h:849:FollowWithUsername) Failed to get user_id from user-service
[2024-01-18 04:19:36.464333] <info>: (ThriftClient.h:84:ThriftClient) Use FaaSWorker for thrift calls
[2024-01-18 04:19:36.464372] <info>: (ClientPool.h:233:Pop) New social-graph client, total_client=1
@@@ UserService
@@@ UserService
[2024-01-18 04:19:36.466053] <info>: (ClientPool.h:294:Remove) Remove social-graph client, total_client=0
[2024-01-18 04:19:36.466091] <error>: (SocialGraphHandler.h:849:FollowWithUsername) Failed to get user_id from user-service
[2024-01-18 04:19:36.502443] <info>: (ThriftClient.h:84:ThriftClient) Use FaaSWorker for thrift calls
[2024-01-18 04:19:36.502481] <info>: (ClientPool.h:233:Pop) New social-graph client, total_client=1
@@@ UserService
@@@ UserService
[2024-01-18 04:19:36.503974] <info>: (ClientPool.h:294:Remove) Remove social-graph client, total_client=0
[2024-01-18 04:19:36.504013] <error>: (SocialGraphHandler.h:849:FollowWithUsername) Failed to get user_id from user-service
[2024-01-18 04:19:36.526844] <info>: (ThriftClient.h:84:ThriftClient) Use FaaSWorker for thrift calls
[2024-01-18 04:19:36.526882] <info>: (ClientPool.h:233:Pop) New social-graph client, total_client=1
@@@ UserService
@@@ UserService
[2024-01-18 04:19:36.528626] <info>: (ClientPool.h:294:Remove) Remove social-graph client, total_client=0
[2024-01-18 04:19:36.528663] <error>: (SocialGraphHandler.h:849:FollowWithUsername) Failed to get user_id from user-service
[2024-01-18 04:19:36.562289] <info>: (ThriftClient.h:84:ThriftClient) Use FaaSWorker for thrift calls
[2024-01-18 04:19:36.562327] <info>: (ClientPool.h:233:Pop) New social-graph client, total_client=1
@@@ UserService
[2024-01-18 04:19:36.563201] <info>: (ClientPool.h:294:Remove) Remove social-graph client, total_client=0
[2024-01-18 04:19:36.563240] <error>: (SocialGraphHandler.h:820:FollowWithUsername) Failed to get user_id from user-service
[2024-01-18 04:19:36.563532] <info>: (ThriftClient.h:84:ThriftClient) Use FaaSWorker for thrift calls
[2024-01-18 04:19:36.563557] <info>: (ClientPool.h:233:Pop) New social-graph client, total_client=1
@@@ UserService
@@@ UserService
[2024-01-18 04:19:36.565082] <info>: (ClientPool.h:294:Remove) Remove social-graph client, total_client=0
[2024-01-18 04:19:36.565121] <error>: (SocialGraphHandler.h:849:FollowWithUsername) Failed to get user_id from user-service
[2024-01-18 04:19:36.565259] <info>: (ThriftClient.h:84:ThriftClient) Use FaaSWorker for thrift calls
[2024-01-18 04:19:36.565285] <info>: (ClientPool.h:233:Pop) New social-graph client, total_client=1
@@@ UserService
@@@ UserService
[2024-01-18 04:19:36.566826] <info>: (ClientPool.h:294:Remove) Remove social-graph client, total_client=0
[2024-01-18 04:19:36.566864] <error>: (SocialGraphHandler.h:849:FollowWithUsername) Failed to get user_id from user-service
[2024-01-18 04:19:36.587331] <info>: (ThriftClient.h:84:ThriftClient) Use FaaSWorker for thrift calls
[2024-01-18 04:19:36.587369] <info>: (ClientPool.h:233:Pop) New social-graph client, total_client=1
@@@ UserService
[2024-01-18 04:19:36.588418] <info>: (ClientPool.h:294:Remove) Remove social-graph client, total_client=0
[2024-01-18 04:19:36.588455] <error>: (SocialGraphHandler.h:820:FollowWithUsername) Failed to get user_id from user-service
[2024-01-18 04:19:36.588753] <info>: (ThriftClient.h:84:ThriftClient) Use FaaSWorker for thrift calls
[2024-01-18 04:19:36.588782] <info>: (ClientPool.h:233:Pop) New social-graph client, total_client=1
@@@ UserService
[2024-01-18 04:19:36.589486] <info>: (ClientPool.h:294:Remove) Remove social-graph client, total_client=0
[2024-01-18 04:19:36.589520] <error>: (SocialGraphHandler.h:820:FollowWithUsername) Failed to get user_id from user-service
[2024-01-18 04:19:36.625219] <info>: (ThriftClient.h:84:ThriftClient) Use FaaSWorker for thrift calls
[2024-01-18 04:19:36.625251] <info>: (ClientPool.h:233:Pop) New social-graph client, total_client=1
@@@ UserService
[2024-01-18 04:19:36.626013] <info>: (ClientPool.h:294:Remove) Remove social-graph client, total_client=0
[2024-01-18 04:19:36.626048] <error>: (SocialGraphHandler.h:820:FollowWithUsername) Failed to get user_id from user-service
[2024-01-18 04:19:36.626246] <info>: (ThriftClient.h:84:ThriftClient) Use FaaSWorker for thrift calls
[2024-01-18 04:19:36.626272] <info>: (ClientPool.h:233:Pop) New social-graph client, total_client=1
@@@ UserService
[2024-01-18 04:19:36.626966] <info>: (ClientPool.h:294:Remove) Remove social-graph client, total_client=0
[2024-01-18 04:19:36.627005] <error>: (SocialGraphHandler.h:820:FollowWithUsername) Failed to get user_id from user-service
[2024-01-18 04:19:36.649827] <info>: (ThriftClient.h:84:ThriftClient) Use FaaSWorker for thrift calls
[2024-01-18 04:19:36.649865] <info>: (ClientPool.h:233:Pop) New social-graph client, total_client=1
@@@ UserService
@@@ UserService
[2024-01-18 04:19:36.651315] <info>: (ClientPool.h:294:Remove) Remove social-graph client, total_client=0
[2024-01-18 04:19:36.651350] <error>: (SocialGraphHandler.h:849:FollowWithUsername) Failed to get user_id from user-service
[2024-01-18 04:19:36.685155] <info>: (ThriftClient.h:84:ThriftClient) Use FaaSWorker for thrift calls
[2024-01-18 04:19:36.685204] <info>: (ClientPool.h:233:Pop) New social-graph client, total_client=1
@@@ UserService
[2024-01-18 04:19:36.686173] <info>: (ClientPool.h:294:Remove) Remove social-graph client, total_client=0
[2024-01-18 04:19:36.686213] <error>: (SocialGraphHandler.h:820:FollowWithUsername) Failed to get user_id from user-service
[2024-01-18 04:19:36.686398] <info>: (ThriftClient.h:84:ThriftClient) Use FaaSWorker for thrift calls
[2024-01-18 04:19:36.686423] <info>: (ClientPool.h:233:Pop) New social-graph client, total_client=1
@@@ UserService
@@@ UserService
[2024-01-18 04:19:36.689001] <info>: (ClientPool.h:233:Pop) New redis client, total_client=1
@@@ UserService
[2024-01-18 04:19:36.810279] <info>: (ClientPool.h:294:Remove) Remove social-graph client, total_client=0
[2024-01-18 04:19:36.810311] <error>: (SocialGraphHandler.h:820:FollowWithUsername) Failed to get user_id from user-service
[2024-01-18 04:19:36.810574] <info>: (ThriftClient.h:84:ThriftClient) Use FaaSWorker for thrift calls
[2024-01-18 04:19:36.810612] <info>: (ClientPool.h:233:Pop) New social-graph client, total_client=1
@@@ UserService
[2024-01-18 04:19:36.811406] <info>: (ClientPool.h:294:Remove) Remove social-graph client, total_client=0
[2024-01-18 04:19:36.811435] <error>: (SocialGraphHandler.h:820:FollowWithUsername) Failed to get user_id from user-service
[2024-01-18 04:19:36.834234] <info>: (ThriftClient.h:84:ThriftClient) Use FaaSWorker for thrift calls
[2024-01-18 04:19:36.834271] <info>: (ClientPool.h:233:Pop) New social-graph client, total_client=1
@@@ UserService
[2024-01-18 04:19:36.835102] <info>: (ClientPool.h:294:Remove) Remove social-graph client, total_client=0
[2024-01-18 04:19:36.835140] <error>: (SocialGraphHandler.h:820:FollowWithUsername) Failed to get user_id from user-service
[2024-01-18 04:19:36.870418] <info>: (ThriftClient.h:84:ThriftClient) Use FaaSWorker for thrift calls
[2024-01-18 04:19:36.870456] <info>: (ClientPool.h:233:Pop) New social-graph client, total_client=1
@@@ UserService
[2024-01-18 04:19:36.871087] <info>: (ClientPool.h:294:Remove) Remove social-graph client, total_client=0
[2024-01-18 04:19:36.871126] <error>: (SocialGraphHandler.h:820:FollowWithUsername) Failed to get user_id from user-service
[2024-01-18 04:19:36.871268] <info>: (ThriftClient.h:84:ThriftClient) Use FaaSWorker for thrift calls
[2024-01-18 04:19:36.871293] <info>: (ClientPool.h:233:Pop) New social-graph client, total_client=1
@@@ UserService
[2024-01-18 04:19:36.872140] <info>: (ClientPool.h:294:Remove) Remove social-graph client, total_client=0
[2024-01-18 04:19:36.872174] <error>: (SocialGraphHandler.h:820:FollowWithUsername) Failed to get user_id from user-service
[2024-01-18 04:19:36.932684] <info>: (ThriftClient.h:84:ThriftClient) Use FaaSWorker for thrift calls
[2024-01-18 04:19:36.932716] <info>: (ClientPool.h:233:Pop) New social-graph client, total_client=1
@@@ UserService
@@@ UserService
[2024-01-18 04:19:36.934177] <info>: (ClientPool.h:294:Remove) Remove social-graph client, total_client=0
[2024-01-18 04:19:36.934235] <error>: (SocialGraphHandler.h:849:FollowWithUsername) Failed to get user_id from user-service
[2024-01-18 04:19:36.957605] <info>: (ThriftClient.h:84:ThriftClient) Use FaaSWorker for thrift calls
[2024-01-18 04:19:36.957643] <info>: (ClientPool.h:233:Pop) New social-graph client, total_client=1
@@@ UserService
@@@ UserService
[2024-01-18 04:19:36.959129] <info>: (ClientPool.h:294:Remove) Remove social-graph client, total_client=0
[2024-01-18 04:19:36.959167] <error>: (SocialGraphHandler.h:849:FollowWithUsername) Failed to get user_id from user-service
[2024-01-18 04:19:36.992906] <info>: (ThriftClient.h:84:ThriftClient) Use FaaSWorker for thrift calls
[2024-01-18 04:19:36.992943] <info>: (ClientPool.h:233:Pop) New social-graph client, total_client=1
@@@ UserService
@@@ UserService
[2024-01-18 04:19:36.994701] <info>: (ClientPool.h:294:Remove) Remove social-graph client, total_client=0
[2024-01-18 04:19:36.994736] <error>: (SocialGraphHandler.h:849:FollowWithUsername) Failed to get user_id from user-service
[2024-01-18 04:19:36.995189] <info>: (ThriftClient.h:84:ThriftClient) Use FaaSWorker for thrift calls
[2024-01-18 04:19:36.995233] <info>: (ClientPool.h:233:Pop) New social-graph client, total_client=1
@@@ UserService
[2024-01-18 04:19:36.996068] <info>: (ClientPool.h:294:Remove) Remove social-graph client, total_client=0
[2024-01-18 04:19:36.996106] <error>: (SocialGraphHandler.h:820:FollowWithUsername) Failed to get user_id from user-service
[2024-01-18 04:19:37.017943] <info>: (ThriftClient.h:84:ThriftClient) Use FaaSWorker for thrift calls
[2024-01-18 04:19:37.017980] <info>: (ClientPool.h:233:Pop) New social-graph client, total_client=1
@@@ UserService
@@@ UserService
[2024-01-18 04:19:37.019861] <info>: (ClientPool.h:294:Remove) Remove social-graph client, total_client=0
[2024-01-18 04:19:37.019899] <error>: (SocialGraphHandler.h:849:FollowWithUsername) Failed to get user_id from user-service
[2024-01-18 04:19:37.054907] <info>: (ThriftClient.h:84:ThriftClient) Use FaaSWorker for thrift calls
[2024-01-18 04:19:37.054945] <info>: (ClientPool.h:233:Pop) New social-graph client, total_client=1
@@@ UserService
@@@ UserService
[2024-01-18 04:19:37.056338] <info>: (ClientPool.h:294:Remove) Remove social-graph client, total_client=0
[2024-01-18 04:19:37.056373] <error>: (SocialGraphHandler.h:849:FollowWithUsername) Failed to get user_id from user-service
[2024-01-18 04:19:37.056525] <info>: (ThriftClient.h:84:ThriftClient) Use FaaSWorker for thrift calls
[2024-01-18 04:19:37.056564] <info>: (ClientPool.h:233:Pop) New social-graph client, total_client=1
@@@ UserService
[2024-01-18 04:19:37.057275] <info>: (ClientPool.h:294:Remove) Remove social-graph client, total_client=0
[2024-01-18 04:19:37.057303] <error>: (SocialGraphHandler.h:820:FollowWithUsername) Failed to get user_id from user-service
[2024-01-18 04:19:37.079986] <info>: (ThriftClient.h:84:ThriftClient) Use FaaSWorker for thrift calls
[2024-01-18 04:19:37.080031] <info>: (ClientPool.h:233:Pop) New social-graph client, total_client=1
@@@ UserService
[2024-01-18 04:19:37.081061] <info>: (ClientPool.h:294:Remove) Remove social-graph client, total_client=0
[2024-01-18 04:19:37.081096] <error>: (SocialGraphHandler.h:820:FollowWithUsername) Failed to get user_id from user-service
[2024-01-18 04:19:37.116430] <info>: (ThriftClient.h:84:ThriftClient) Use FaaSWorker for thrift calls
[2024-01-18 04:19:37.116471] <info>: (ClientPool.h:233:Pop) New social-graph client, total_client=1
@@@ UserService
@@@ UserService
[2024-01-18 04:19:37.118033] <info>: (ClientPool.h:294:Remove) Remove social-graph client, total_client=0
[2024-01-18 04:19:37.118070] <error>: (SocialGraphHandler.h:849:FollowWithUsername) Failed to get user_id from user-service
[2024-01-18 04:19:37.142689] <info>: (ThriftClient.h:84:ThriftClient) Use FaaSWorker for thrift calls
[2024-01-18 04:19:37.142725] <info>: (ClientPool.h:233:Pop) New social-graph client, total_client=1
@@@ UserService
@@@ UserService
[2024-01-18 04:19:37.144069] <info>: (ClientPool.h:294:Remove) Remove social-graph client, total_client=0
[2024-01-18 04:19:37.144113] <error>: (SocialGraphHandler.h:849:FollowWithUsername) Failed to get user_id from user-service
[2024-01-18 04:19:37.177264] <info>: (ThriftClient.h:84:ThriftClient) Use FaaSWorker for thrift calls
[2024-01-18 04:19:37.177301] <info>: (ClientPool.h:233:Pop) New social-graph client, total_client=1
@@@ UserService
@@@ UserService
[2024-01-18 04:19:37.178811] <info>: (ClientPool.h:294:Remove) Remove social-graph client, total_client=0
[2024-01-18 04:19:37.178845] <error>: (SocialGraphHandler.h:849:FollowWithUsername) Failed to get user_id from user-service
[2024-01-18 04:19:37.240127] <info>: (ThriftClient.h:84:ThriftClient) Use FaaSWorker for thrift calls
[2024-01-18 04:19:37.240163] <info>: (ClientPool.h:233:Pop) New social-graph client, total_client=1
@@@ UserService
@@@ UserService
[2024-01-18 04:19:37.241775] <info>: (ClientPool.h:294:Remove) Remove social-graph client, total_client=0
[2024-01-18 04:19:37.241803] <error>: (SocialGraphHandler.h:849:FollowWithUsername) Failed to get user_id from user-service
[2024-01-18 04:19:37.264794] <info>: (ThriftClient.h:84:ThriftClient) Use FaaSWorker for thrift calls
[2024-01-18 04:19:37.264833] <info>: (ClientPool.h:233:Pop) New social-graph client, total_client=1
@@@ UserService
[2024-01-18 04:19:37.265688] <info>: (ClientPool.h:294:Remove) Remove social-graph client, total_client=0
[2024-01-18 04:19:37.265727] <error>: (SocialGraphHandler.h:820:FollowWithUsername) Failed to get user_id from user-service
[2024-01-18 04:19:37.300790] <info>: (ThriftClient.h:84:ThriftClient) Use FaaSWorker for thrift calls
[2024-01-18 04:19:37.300829] <info>: (ClientPool.h:233:Pop) New social-graph client, total_client=1
@@@ UserService
[2024-01-18 04:19:37.301666] <info>: (ClientPool.h:294:Remove) Remove social-graph client, total_client=0
[2024-01-18 04:19:37.301705] <error>: (SocialGraphHandler.h:820:FollowWithUsername) Failed to get user_id from user-service
[2024-01-18 04:19:37.301905] <info>: (ThriftClient.h:84:ThriftClient) Use FaaSWorker for thrift calls
[2024-01-18 04:19:37.301935] <info>: (ClientPool.h:233:Pop) New social-graph client, total_client=1
@@@ UserService
[2024-01-18 04:19:37.302656] <info>: (ClientPool.h:294:Remove) Remove social-graph client, total_client=0
[2024-01-18 04:19:37.302684] <error>: (SocialGraphHandler.h:820:FollowWithUsername) Failed to get user_id from user-service
[2024-01-18 04:19:37.326485] <info>: (ThriftClient.h:84:ThriftClient) Use FaaSWorker for thrift calls
[2024-01-18 04:19:37.326523] <info>: (ClientPool.h:233:Pop) New social-graph client, total_client=1
@@@ UserService
[2024-01-18 04:19:37.327358] <info>: (ClientPool.h:294:Remove) Remove social-graph client, total_client=0
[2024-01-18 04:19:37.327400] <error>: (SocialGraphHandler.h:820:FollowWithUsername) Failed to get user_id from user-service
[2024-01-18 04:19:37.361914] <info>: (ThriftClient.h:84:ThriftClient) Use FaaSWorker for thrift calls
[2024-01-18 04:19:37.361968] <info>: (ClientPool.h:233:Pop) New social-graph client, total_client=1
@@@ UserService
[2024-01-18 04:19:37.362949] <info>: (ClientPool.h:294:Remove) Remove social-graph client, total_client=0
[2024-01-18 04:19:37.362983] <error>: (SocialGraphHandler.h:820:FollowWithUsername) Failed to get user_id from user-service
[2024-01-18 04:19:37.423619] <info>: (ThriftClient.h:84:ThriftClient) Use FaaSWorker for thrift calls
[2024-01-18 04:19:37.423657] <info>: (ClientPool.h:233:Pop) New social-graph client, total_client=1
@@@ UserService
[2024-01-18 04:19:37.424615] <info>: (ClientPool.h:294:Remove) Remove social-graph client, total_client=0
[2024-01-18 04:19:37.424662] <error>: (SocialGraphHandler.h:820:FollowWithUsername) Failed to get user_id from user-service
[2024-01-18 04:19:37.448844] <info>: (ThriftClient.h:84:ThriftClient) Use FaaSWorker for thrift calls
[2024-01-18 04:19:37.448882] <info>: (ClientPool.h:233:Pop) New social-graph client, total_client=1
@@@ UserService
[2024-01-18 04:19:37.449830] <info>: (ClientPool.h:294:Remove) Remove social-graph client, total_client=0
[2024-01-18 04:19:37.449894] <error>: (SocialGraphHandler.h:820:FollowWithUsername) Failed to get user_id from user-service
[2024-01-18 04:19:37.484762] <info>: (ThriftClient.h:84:ThriftClient) Use FaaSWorker for thrift calls
[2024-01-18 04:19:37.484801] <info>: (ClientPool.h:233:Pop) New social-graph client, total_client=1
@@@ UserService
[2024-01-18 04:19:37.485701] <info>: (ClientPool.h:294:Remove) Remove social-graph client, total_client=0
[2024-01-18 04:19:37.485741] <error>: (SocialGraphHandler.h:820:FollowWithUsername) Failed to get user_id from user-service
[2024-01-18 04:19:37.546772] <info>: (ThriftClient.h:84:ThriftClient) Use FaaSWorker for thrift calls
[2024-01-18 04:19:37.546808] <info>: (ClientPool.h:233:Pop) New social-graph client, total_client=1
@@@ UserService
[2024-01-18 04:19:37.547639] <info>: (ClientPool.h:294:Remove) Remove social-graph client, total_client=0
[2024-01-18 04:19:37.547668] <error>: (SocialGraphHandler.h:820:FollowWithUsername) Failed to get user_id from user-service
[2024-01-18 04:19:37.571428] <info>: (ThriftClient.h:84:ThriftClient) Use FaaSWorker for thrift calls
[2024-01-18 04:19:37.571466] <info>: (ClientPool.h:233:Pop) New social-graph client, total_client=1
@@@ UserService
[2024-01-18 04:19:37.572482] <info>: (ClientPool.h:294:Remove) Remove social-graph client, total_client=0
[2024-01-18 04:19:37.572526] <error>: (SocialGraphHandler.h:820:FollowWithUsername) Failed to get user_id from user-service
[2024-01-18 04:19:37.607833] <info>: (ThriftClient.h:84:ThriftClient) Use FaaSWorker for thrift calls
[2024-01-18 04:19:37.607882] <info>: (ClientPool.h:233:Pop) New social-graph client, total_client=1
@@@ UserService
[2024-01-18 04:19:37.608712] <info>: (ClientPool.h:294:Remove) Remove social-graph client, total_client=0
[2024-01-18 04:19:37.608743] <error>: (SocialGraphHandler.h:820:FollowWithUsername) Failed to get user_id from user-service
[2024-01-18 04:19:37.669533] <info>: (ThriftClient.h:84:ThriftClient) Use FaaSWorker for thrift calls
[2024-01-18 04:19:37.669576] <info>: (ClientPool.h:233:Pop) New social-graph client, total_client=1
@@@ UserService
[2024-01-18 04:19:37.670478] <info>: (ClientPool.h:294:Remove) Remove social-graph client, total_client=0
[2024-01-18 04:19:37.670518] <error>: (SocialGraphHandler.h:820:FollowWithUsername) Failed to get user_id from user-service
[2024-01-18 04:19:37.694512] <info>: (ThriftClient.h:84:ThriftClient) Use FaaSWorker for thrift calls
[2024-01-18 04:19:37.694556] <info>: (ClientPool.h:233:Pop) New social-graph client, total_client=1
@@@ UserService
[2024-01-18 04:19:37.695510] <info>: (ClientPool.h:294:Remove) Remove social-graph client, total_client=0
[2024-01-18 04:19:37.695544] <error>: (SocialGraphHandler.h:820:FollowWithUsername) Failed to get user_id from user-service
[2024-01-18 04:19:37.730772] <info>: (ThriftClient.h:84:ThriftClient) Use FaaSWorker for thrift calls
[2024-01-18 04:19:37.730810] <info>: (ClientPool.h:233:Pop) New social-graph client, total_client=1
@@@ UserService
[2024-01-18 04:19:37.731783] <info>: (ClientPool.h:294:Remove) Remove social-graph client, total_client=0
[2024-01-18 04:19:37.731824] <error>: (SocialGraphHandler.h:820:FollowWithUsername) Failed to get user_id from user-service
[2024-01-18 04:19:37.792506] <info>: (ThriftClient.h:84:ThriftClient) Use FaaSWorker for thrift calls
[2024-01-18 04:19:37.792549] <info>: (ClientPool.h:233:Pop) New social-graph client, total_client=1
@@@ UserService
[2024-01-18 04:19:37.793592] <info>: (ClientPool.h:294:Remove) Remove social-graph client, total_client=0
[2024-01-18 04:19:37.793637] <error>: (SocialGraphHandler.h:820:FollowWithUsername) Failed to get user_id from user-service
[2024-01-18 04:19:37.817649] <info>: (ThriftClient.h:84:ThriftClient) Use FaaSWorker for thrift calls
[2024-01-18 04:19:37.817688] <info>: (ClientPool.h:233:Pop) New social-graph client, total_client=1
@@@ UserService
[2024-01-18 04:19:37.818676] <info>: (ClientPool.h:294:Remove) Remove social-graph client, total_client=0
[2024-01-18 04:19:37.818710] <error>: (SocialGraphHandler.h:820:FollowWithUsername) Failed to get user_id from user-service
[2024-01-18 04:19:37.853968] <info>: (ThriftClient.h:84:ThriftClient) Use FaaSWorker for thrift calls
[2024-01-18 04:19:37.854006] <info>: (ClientPool.h:233:Pop) New social-graph client, total_client=1
@@@ UserService
[2024-01-18 04:19:37.855030] <info>: (ClientPool.h:294:Remove) Remove social-graph client, total_client=0
[2024-01-18 04:19:37.855071] <error>: (SocialGraphHandler.h:820:FollowWithUsername) Failed to get user_id from user-service
[2024-01-18 04:19:37.915813] <info>: (ThriftClient.h:84:ThriftClient) Use FaaSWorker for thrift calls
[2024-01-18 04:19:37.915849] <info>: (ClientPool.h:233:Pop) New social-graph client, total_client=1
@@@ UserService
[2024-01-18 04:19:37.917043] <info>: (ClientPool.h:294:Remove) Remove social-graph client, total_client=0
[2024-01-18 04:19:37.917074] <error>: (SocialGraphHandler.h:820:FollowWithUsername) Failed to get user_id from user-service
[2024-01-18 04:19:37.940669] <info>: (ThriftClient.h:84:ThriftClient) Use FaaSWorker for thrift calls
[2024-01-18 04:19:37.940708] <info>: (ClientPool.h:233:Pop) New social-graph client, total_client=1
@@@ UserService
[2024-01-18 04:19:37.941841] <info>: (ClientPool.h:294:Remove) Remove social-graph client, total_client=0
[2024-01-18 04:19:37.941874] <error>: (SocialGraphHandler.h:820:FollowWithUsername) Failed to get user_id from user-service
[2024-01-18 04:19:37.976934] <info>: (ThriftClient.h:84:ThriftClient) Use FaaSWorker for thrift calls
[2024-01-18 04:19:37.976972] <info>: (ClientPool.h:233:Pop) New social-graph client, total_client=1
@@@ UserService
[2024-01-18 04:19:37.977887] <info>: (ClientPool.h:294:Remove) Remove social-graph client, total_client=0
[2024-01-18 04:19:37.977930] <error>: (SocialGraphHandler.h:820:FollowWithUsername) Failed to get user_id from user-service
[2024-01-18 04:19:38.039027] <info>: (ThriftClient.h:84:ThriftClient) Use FaaSWorker for thrift calls
[2024-01-18 04:19:38.039075] <info>: (ClientPool.h:233:Pop) New social-graph client, total_client=1
@@@ UserService
[2024-01-18 04:19:38.039822] <info>: (ClientPool.h:294:Remove) Remove social-graph client, total_client=0
[2024-01-18 04:19:38.039854] <error>: (SocialGraphHandler.h:820:FollowWithUsername) Failed to get user_id from user-service
[2024-01-18 04:19:38.063991] <info>: (ThriftClient.h:84:ThriftClient) Use FaaSWorker for thrift calls
[2024-01-18 04:19:38.064040] <info>: (ClientPool.h:233:Pop) New social-graph client, total_client=1
@@@ UserService
[2024-01-18 04:19:38.065061] <info>: (ClientPool.h:294:Remove) Remove social-graph client, total_client=0
[2024-01-18 04:19:38.065099] <error>: (SocialGraphHandler.h:820:FollowWithUsername) Failed to get user_id from user-service
[2024-01-18 04:19:38.100094] <info>: (ThriftClient.h:84:ThriftClient) Use FaaSWorker for thrift calls
[2024-01-18 04:19:38.100133] <info>: (ClientPool.h:233:Pop) New social-graph client, total_client=1
@@@ UserService
[2024-01-18 04:19:38.101157] <info>: (ClientPool.h:294:Remove) Remove social-graph client, total_client=0
[2024-01-18 04:19:38.101189] <error>: (SocialGraphHandler.h:820:FollowWithUsername) Failed to get user_id from user-service
[2024-01-18 04:19:38.162109] <info>: (ThriftClient.h:84:ThriftClient) Use FaaSWorker for thrift calls
[2024-01-18 04:19:38.162146] <info>: (ClientPool.h:233:Pop) New social-graph client, total_client=1
@@@ UserService
[2024-01-18 04:19:38.163116] <info>: (ClientPool.h:294:Remove) Remove social-graph client, total_client=0
[2024-01-18 04:19:38.163151] <error>: (SocialGraphHandler.h:820:FollowWithUsername) Failed to get user_id from user-service
[2024-01-18 04:19:38.186906] <info>: (ThriftClient.h:84:ThriftClient) Use FaaSWorker for thrift calls
[2024-01-18 04:19:38.186945] <info>: (ClientPool.h:233:Pop) New social-graph client, total_client=1
@@@ UserService
[2024-01-18 04:19:38.188059] <info>: (ClientPool.h:294:Remove) Remove social-graph client, total_client=0
[2024-01-18 04:19:38.188097] <error>: (SocialGraphHandler.h:820:FollowWithUsername) Failed to get user_id from user-service
[2024-01-18 04:19:38.223461] <info>: (ThriftClient.h:84:ThriftClient) Use FaaSWorker for thrift calls
[2024-01-18 04:19:38.223532] <info>: (ClientPool.h:233:Pop) New social-graph client, total_client=1
@@@ UserService
[2024-01-18 04:19:38.224432] <info>: (ClientPool.h:294:Remove) Remove social-graph client, total_client=0
[2024-01-18 04:19:38.224468] <error>: (SocialGraphHandler.h:820:FollowWithUsername) Failed to get user_id from user-service
[2024-01-18 04:19:38.285271] <info>: (ThriftClient.h:84:ThriftClient) Use FaaSWorker for thrift calls
[2024-01-18 04:19:38.285303] <info>: (ClientPool.h:233:Pop) New social-graph client, total_client=1
@@@ UserService
[2024-01-18 04:19:38.286088] <info>: (ClientPool.h:294:Remove) Remove social-graph client, total_client=0
[2024-01-18 04:19:38.286117] <error>: (SocialGraphHandler.h:820:FollowWithUsername) Failed to get user_id from user-service
[2024-01-18 04:19:38.310049] <info>: (ThriftClient.h:84:ThriftClient) Use FaaSWorker for thrift calls
[2024-01-18 04:19:38.310087] <info>: (ClientPool.h:233:Pop) New social-graph client, total_client=1
@@@ UserService
[2024-01-18 04:19:38.310868] <info>: (ClientPool.h:294:Remove) Remove social-graph client, total_client=0
[2024-01-18 04:19:38.310903] <error>: (SocialGraphHandler.h:820:FollowWithUsername) Failed to get user_id from user-service
[2024-01-18 04:19:38.346220] <info>: (ThriftClient.h:84:ThriftClient) Use FaaSWorker for thrift calls
[2024-01-18 04:19:38.346259] <info>: (ClientPool.h:233:Pop) New social-graph client, total_client=1
@@@ UserService
[2024-01-18 04:19:38.347162] <info>: (ClientPool.h:294:Remove) Remove social-graph client, total_client=0
[2024-01-18 04:19:38.347207] <error>: (SocialGraphHandler.h:820:FollowWithUsername) Failed to get user_id from user-service
[2024-01-18 04:19:38.408104] <info>: (ThriftClient.h:84:ThriftClient) Use FaaSWorker for thrift calls
[2024-01-18 04:19:38.408150] <info>: (ClientPool.h:233:Pop) New social-graph client, total_client=1
@@@ UserService
[2024-01-18 04:19:38.408878] <info>: (ClientPool.h:294:Remove) Remove social-graph client, total_client=0
[2024-01-18 04:19:38.408913] <error>: (SocialGraphHandler.h:820:FollowWithUsername) Failed to get user_id from user-service
[2024-01-18 04:19:38.433104] <info>: (ThriftClient.h:84:ThriftClient) Use FaaSWorker for thrift calls
[2024-01-18 04:19:38.433145] <info>: (ClientPool.h:233:Pop) New social-graph client, total_client=1
@@@ UserService
[2024-01-18 04:19:38.434166] <info>: (ClientPool.h:294:Remove) Remove social-graph client, total_client=0
[2024-01-18 04:19:38.434205] <error>: (SocialGraphHandler.h:820:FollowWithUsername) Failed to get user_id from user-service
[2024-01-18 04:19:38.468964] <info>: (ThriftClient.h:84:ThriftClient) Use FaaSWorker for thrift calls
[2024-01-18 04:19:38.469020] <info>: (ClientPool.h:233:Pop) New social-graph client, total_client=1
@@@ UserService
[2024-01-18 04:19:38.470159] <info>: (ClientPool.h:294:Remove) Remove social-graph client, total_client=0
[2024-01-18 04:19:38.470193] <error>: (SocialGraphHandler.h:820:FollowWithUsername) Failed to get user_id from user-service
[2024-01-18 04:19:38.494609] <info>: (ThriftClient.h:84:ThriftClient) Use FaaSWorker for thrift calls
[2024-01-18 04:19:38.494649] <info>: (ClientPool.h:233:Pop) New social-graph client, total_client=1
@@@ UserService
[2024-01-18 04:19:38.495662] <info>: (ClientPool.h:294:Remove) Remove social-graph client, total_client=0
[2024-01-18 04:19:38.495710] <error>: (SocialGraphHandler.h:820:FollowWithUsername) Failed to get user_id from user-service
[2024-01-18 04:19:38.530585] <info>: (ThriftClient.h:84:ThriftClient) Use FaaSWorker for thrift calls
[2024-01-18 04:19:38.530634] <info>: (ClientPool.h:233:Pop) New social-graph client, total_client=1
@@@ UserService
[2024-01-18 04:19:38.531798] <info>: (ClientPool.h:294:Remove) Remove social-graph client, total_client=0
[2024-01-18 04:19:38.531837] <error>: (SocialGraphHandler.h:820:FollowWithUsername) Failed to get user_id from user-service
[2024-01-18 04:19:38.556180] <info>: (ThriftClient.h:84:ThriftClient) Use FaaSWorker for thrift calls
[2024-01-18 04:19:38.556269] <info>: (ClientPool.h:233:Pop) New social-graph client, total_client=1
@@@ UserService
[2024-01-18 04:19:38.557303] <info>: (ClientPool.h:294:Remove) Remove social-graph client, total_client=0
[2024-01-18 04:19:38.557342] <error>: (SocialGraphHandler.h:820:FollowWithUsername) Failed to get user_id from user-service
[2024-01-18 04:19:38.592092] <info>: (ThriftClient.h:84:ThriftClient) Use FaaSWorker for thrift calls
[2024-01-18 04:19:38.592128] <info>: (ClientPool.h:233:Pop) New social-graph client, total_client=1
@@@ UserService
[2024-01-18 04:19:38.593007] <info>: (ClientPool.h:294:Remove) Remove social-graph client, total_client=0
[2024-01-18 04:19:38.593039] <error>: (SocialGraphHandler.h:820:FollowWithUsername) Failed to get user_id from user-service
[2024-01-18 04:19:38.593203] <info>: (ThriftClient.h:84:ThriftClient) Use FaaSWorker for thrift calls
[2024-01-18 04:19:38.593237] <info>: (ClientPool.h:233:Pop) New social-graph client, total_client=1
@@@ UserService
[2024-01-18 04:19:38.594103] <info>: (ClientPool.h:294:Remove) Remove social-graph client, total_client=0
[2024-01-18 04:19:38.594141] <error>: (SocialGraphHandler.h:820:FollowWithUsername) Failed to get user_id from user-service
[2024-01-18 04:19:38.617770] <info>: (ThriftClient.h:84:ThriftClient) Use FaaSWorker for thrift calls
[2024-01-18 04:19:38.617808] <info>: (ClientPool.h:233:Pop) New social-graph client, total_client=1
@@@ UserService
[2024-01-18 04:19:38.618973] <info>: (ClientPool.h:294:Remove) Remove social-graph client, total_client=0
[2024-01-18 04:19:38.619008] <error>: (SocialGraphHandler.h:820:FollowWithUsername) Failed to get user_id from user-service
[2024-01-18 04:19:38.653563] <info>: (ThriftClient.h:84:ThriftClient) Use FaaSWorker for thrift calls
[2024-01-18 04:19:38.653602] <info>: (ClientPool.h:233:Pop) New social-graph client, total_client=1
@@@ UserService
[2024-01-18 04:19:38.654491] <info>: (ClientPool.h:294:Remove) Remove social-graph client, total_client=0
[2024-01-18 04:19:38.654525] <error>: (SocialGraphHandler.h:820:FollowWithUsername) Failed to get user_id from user-service
F0118 04:19:38.737284 Main     func_worker.cpp:100] Check failed: io_utils::RecvMessage(input_pipe_fd_, &message, nullptr) Failed to receive message from engine
*** SIGABRT received at time=1705551578 ***
PC: @     0x7fbf83f6f817  (unknown)  raise
    @ ... and at least 1 more frames
