I0118 04:22:04.957835 Main     thread.cpp:100] Register main thread: tid=7
I0118 04:22:04.958247 Launcher thread.cpp:40] Start thread: Launcher/EL
I0118 04:22:04.958314 Launcher thread.cpp:64] Does not find cpuset setting for IO threads (can be set by FAAS_IO_THREAD_CPUSET)
I0118 04:22:04.958328 Launcher thread.cpp:82] Does not find nice setting for IO threads (can be set by FAAS_IO_THREAD_NICE)
I0118 04:22:04.958335 Launcher launcher.cpp:96] Launcher: Event loop starts
I0118 04:22:04.958360 Launcher engine_connection.cpp:93] EngineConnection: Connected to engine, start writing handshake message
I0118 04:22:04.958679 Launcher buffer_pool.h:25] BufferPool[Launcher]: Allocate new buffer, current buffer count is 1
I0118 04:22:04.958789 Launcher func_config.cpp:135] Load configuration for function SocialGraphService[1]
I0118 04:22:04.958813 Launcher func_config.cpp:135] Load configuration for function ComposePostService[2]
I0118 04:22:04.958827 Launcher func_config.cpp:135] Load configuration for function PostStorageService[3]
I0118 04:22:04.958837 Launcher func_config.cpp:135] Load configuration for function UserTimelineService[4]
I0118 04:22:04.958846 Launcher func_config.cpp:135] Load configuration for function UrlShortenService[5]
I0118 04:22:04.958859 Launcher func_config.cpp:135] Load configuration for function UserService[6]
I0118 04:22:04.958868 Launcher func_config.cpp:135] Load configuration for function MediaService[7]
I0118 04:22:04.958878 Launcher func_config.cpp:135] Load configuration for function TextService[8]
I0118 04:22:04.958890 Launcher func_config.cpp:135] Load configuration for function UniqueIdService[9]
I0118 04:22:04.958904 Launcher func_config.cpp:135] Load configuration for function UserMentionService[10]
I0118 04:22:04.958916 Launcher func_config.cpp:135] Load configuration for function HomeTimelineService[11]
I0118 04:22:04.958931 Launcher engine_connection.cpp:65] EngineConnection: Handshake done
W0118 04:22:04.961659 Launcher engine_connection.cpp:166] EngineConnection: nread=0, will do nothing
