2024-01-18 04:15:38.762 [debug] <0.286.0> Lager installed handler error_logger_lager_h into error_logger
2024-01-18 04:15:38.767 [debug] <0.298.0> Lager installed handler lager_forwarder_backend into rabbit_log_connection_lager_event
2024-01-18 04:15:38.767 [debug] <0.301.0> Lager installed handler lager_forwarder_backend into rabbit_log_feature_flags_lager_event
2024-01-18 04:15:38.767 [debug] <0.304.0> Lager installed handler lager_forwarder_backend into rabbit_log_federation_lager_event
2024-01-18 04:15:38.767 [debug] <0.325.0> Lager installed handler lager_forwarder_backend into rabbit_log_upgrade_lager_event
2024-01-18 04:15:38.767 [debug] <0.289.0> Lager installed handler lager_forwarder_backend into error_logger_lager_event
2024-01-18 04:15:38.767 [debug] <0.292.0> Lager installed handler lager_forwarder_backend into rabbit_log_lager_event
2024-01-18 04:15:38.767 [debug] <0.307.0> Lager installed handler lager_forwarder_backend into rabbit_log_ldap_lager_event
2024-01-18 04:15:38.767 [debug] <0.295.0> Lager installed handler lager_forwarder_backend into rabbit_log_channel_lager_event
2024-01-18 04:15:38.767 [debug] <0.310.0> Lager installed handler lager_forwarder_backend into rabbit_log_mirroring_lager_event
2024-01-18 04:15:38.767 [debug] <0.313.0> Lager installed handler lager_forwarder_backend into rabbit_log_prelaunch_lager_event
2024-01-18 04:15:38.767 [debug] <0.316.0> Lager installed handler lager_forwarder_backend into rabbit_log_queue_lager_event
2024-01-18 04:15:38.767 [debug] <0.322.0> Lager installed handler lager_forwarder_backend into rabbit_log_shovel_lager_event
2024-01-18 04:15:38.767 [debug] <0.319.0> Lager installed handler lager_forwarder_backend into rabbit_log_ra_lager_event
2024-01-18 04:15:38.828 [info] <0.270.0> HiPE disabled: no modules were natively recompiled.
2024-01-18 04:15:39.262 [debug] <0.282.0> Lager installed handler lager_backend_throttle into lager_event
2024-01-18 04:15:44.530 [info] <0.270.0> 
 Starting RabbitMQ 3.8.5 on Erlang 23.0.3
 Copyright (c) 2007-2020 VMware, Inc. or its affiliates.
 Licensed under the MPL 1.1. Website: https://rabbitmq.com

  ##  ##      RabbitMQ 3.8.5
  ##  ##
  ##########  Copyright (c) 2007-2020 VMware, Inc. or its affiliates.
  ######  ##
  ##########  Licensed under the MPL 1.1. Website: https://rabbitmq.com

  Doc guides: https://rabbitmq.com/documentation.html
  Support:    https://rabbitmq.com/contact.html
  Tutorials:  https://rabbitmq.com/getstarted.html
  Monitoring: https://rabbitmq.com/monitoring.html

  Logs: <stdout>

  Config file(s): /etc/rabbitmq/rabbitmq.conf

  Starting broker...2024-01-18 04:15:44.532 [info] <0.270.0> 
 node           : rabbit@write-home-timeline-rabbitmq
 home dir       : /var/lib/rabbitmq
 config file(s) : /etc/rabbitmq/rabbitmq.conf
 cookie hash    : xauyiiTACgoYe0fSQtZD/A==
 log(s)         : <stdout>
 database dir   : /var/lib/rabbitmq/mnesia/rabbit@write-home-timeline-rabbitmq
2024-01-18 04:15:46.449 [info] <0.270.0> Running boot step pre_boot defined by app rabbit
2024-01-18 04:15:46.449 [info] <0.270.0> Running boot step rabbit_core_metrics defined by app rabbit
2024-01-18 04:15:46.450 [info] <0.270.0> Running boot step rabbit_alarm defined by app rabbit
2024-01-18 04:15:46.454 [info] <0.359.0> Memory high watermark set to 103140 MiB (108150659481 bytes) of 257851 MiB (270376648704 bytes) total
2024-01-18 04:15:46.459 [info] <0.361.0> Enabling free disk space monitoring
2024-01-18 04:15:46.459 [info] <0.361.0> Disk free limit set to 50MB
2024-01-18 04:15:46.462 [info] <0.270.0> Running boot step code_server_cache defined by app rabbit
2024-01-18 04:15:46.463 [info] <0.270.0> Running boot step file_handle_cache defined by app rabbit
2024-01-18 04:15:46.463 [info] <0.364.0> Limiting to approx 1048479 file handles (943629 sockets)
2024-01-18 04:15:46.463 [info] <0.365.0> FHC read buffering:  OFF
2024-01-18 04:15:46.463 [info] <0.365.0> FHC write buffering: ON
2024-01-18 04:15:46.464 [info] <0.270.0> Running boot step worker_pool defined by app rabbit
2024-01-18 04:15:46.464 [info] <0.351.0> Will use 4 processes for default worker pool
2024-01-18 04:15:46.464 [info] <0.351.0> Starting worker pool 'worker_pool' with 4 processes in it
2024-01-18 04:15:46.464 [info] <0.270.0> Running boot step database defined by app rabbit
2024-01-18 04:15:46.465 [info] <0.270.0> Node database directory at /var/lib/rabbitmq/mnesia/rabbit@write-home-timeline-rabbitmq is empty. Assuming we need to join an existing cluster or initialise from scratch...
2024-01-18 04:15:46.465 [info] <0.270.0> Configured peer discovery backend: rabbit_peer_discovery_classic_config
2024-01-18 04:15:46.465 [info] <0.270.0> Will try to lock with peer discovery backend rabbit_peer_discovery_classic_config
2024-01-18 04:15:46.465 [info] <0.270.0> Peer discovery backend does not support locking, falling back to randomized delay
2024-01-18 04:15:46.465 [info] <0.270.0> Peer discovery backend rabbit_peer_discovery_classic_config does not support registration, skipping randomized startup delay.
2024-01-18 04:15:46.465 [info] <0.270.0> All discovered existing cluster peers: 
2024-01-18 04:15:46.465 [info] <0.270.0> Discovered no peer nodes to cluster with. Some discovery backends can filter nodes out based on a readiness criteria. Enabling debug logging might help troubleshoot.
2024-01-18 04:15:46.471 [info] <0.44.0> Application mnesia exited with reason: stopped
2024-01-18 04:15:48.352 [info] <0.270.0> Waiting for Mnesia tables for 30000 ms, 9 retries left
2024-01-18 04:15:48.352 [info] <0.270.0> Successfully synced tables from a peer
2024-01-18 04:15:48.437 [info] <0.270.0> Waiting for Mnesia tables for 30000 ms, 9 retries left
2024-01-18 04:15:48.438 [info] <0.270.0> Successfully synced tables from a peer
2024-01-18 04:15:48.438 [info] <0.270.0> Feature flag `implicit_default_bindings`: supported, attempt to enable...
2024-01-18 04:15:48.438 [info] <0.270.0> Feature flag `implicit_default_bindings`: mark as enabled=state_changing
2024-01-18 04:15:48.445 [info] <0.270.0> Feature flags: list of feature flags found:
2024-01-18 04:15:48.446 [info] <0.270.0> Feature flags:   [~] implicit_default_bindings
2024-01-18 04:15:48.446 [info] <0.270.0> Feature flags:   [ ] quorum_queue
2024-01-18 04:15:48.446 [info] <0.270.0> Feature flags:   [ ] virtual_host_metadata
2024-01-18 04:15:48.446 [info] <0.270.0> Feature flags: feature flag states written to disk: yes
2024-01-18 04:15:48.465 [info] <0.270.0> Waiting for Mnesia tables for 30000 ms, 0 retries left
2024-01-18 04:15:48.465 [info] <0.270.0> Successfully synced tables from a peer
2024-01-18 04:15:48.465 [info] <0.270.0> Feature flag `implicit_default_bindings`: mark as enabled=true
2024-01-18 04:15:48.473 [info] <0.270.0> Feature flags: list of feature flags found:
2024-01-18 04:15:48.473 [info] <0.270.0> Feature flags:   [x] implicit_default_bindings
2024-01-18 04:15:48.473 [info] <0.270.0> Feature flags:   [ ] quorum_queue
2024-01-18 04:15:48.473 [info] <0.270.0> Feature flags:   [ ] virtual_host_metadata
2024-01-18 04:15:48.473 [info] <0.270.0> Feature flags: feature flag states written to disk: yes
2024-01-18 04:15:48.488 [info] <0.270.0> Feature flag `quorum_queue`: supported, attempt to enable...
2024-01-18 04:15:48.488 [info] <0.270.0> Feature flag `quorum_queue`: mark as enabled=state_changing
2024-01-18 04:15:48.496 [info] <0.270.0> Feature flags: list of feature flags found:
2024-01-18 04:15:48.496 [info] <0.270.0> Feature flags:   [x] implicit_default_bindings
2024-01-18 04:15:48.496 [info] <0.270.0> Feature flags:   [~] quorum_queue
2024-01-18 04:15:48.496 [info] <0.270.0> Feature flags:   [ ] virtual_host_metadata
2024-01-18 04:15:48.496 [info] <0.270.0> Feature flags: feature flag states written to disk: yes
2024-01-18 04:15:48.511 [info] <0.270.0> Waiting for Mnesia tables for 30000 ms, 9 retries left
2024-01-18 04:15:48.511 [info] <0.270.0> Successfully synced tables from a peer
2024-01-18 04:15:48.511 [info] <0.270.0> Feature flag `quorum_queue`:   migrating Mnesia table rabbit_queue...
2024-01-18 04:15:48.691 [info] <0.270.0> Feature flag `quorum_queue`:   migrating Mnesia table rabbit_durable_queue...
2024-01-18 04:15:49.097 [info] <0.270.0> Feature flag `quorum_queue`:   Mnesia tables migration done
2024-01-18 04:15:49.097 [info] <0.270.0> Feature flag `quorum_queue`: mark as enabled=true
2024-01-18 04:15:49.106 [info] <0.270.0> Feature flags: list of feature flags found:
2024-01-18 04:15:49.106 [info] <0.270.0> Feature flags:   [x] implicit_default_bindings
2024-01-18 04:15:49.106 [info] <0.270.0> Feature flags:   [x] quorum_queue
2024-01-18 04:15:49.106 [info] <0.270.0> Feature flags:   [ ] virtual_host_metadata
2024-01-18 04:15:49.106 [info] <0.270.0> Feature flags: feature flag states written to disk: yes
2024-01-18 04:15:49.121 [info] <0.270.0> Feature flag `virtual_host_metadata`: supported, attempt to enable...
2024-01-18 04:15:49.121 [info] <0.270.0> Feature flag `virtual_host_metadata`: mark as enabled=state_changing
2024-01-18 04:15:49.129 [info] <0.270.0> Feature flags: list of feature flags found:
2024-01-18 04:15:49.129 [info] <0.270.0> Feature flags:   [x] implicit_default_bindings
2024-01-18 04:15:49.129 [info] <0.270.0> Feature flags:   [x] quorum_queue
2024-01-18 04:15:49.129 [info] <0.270.0> Feature flags:   [~] virtual_host_metadata
2024-01-18 04:15:49.129 [info] <0.270.0> Feature flags: feature flag states written to disk: yes
2024-01-18 04:15:49.144 [info] <0.270.0> Waiting for Mnesia tables for 30000 ms, 9 retries left
2024-01-18 04:15:49.144 [info] <0.270.0> Successfully synced tables from a peer
2024-01-18 04:15:49.334 [info] <0.270.0> Feature flag `virtual_host_metadata`: mark as enabled=true
2024-01-18 04:15:49.343 [info] <0.270.0> Feature flags: list of feature flags found:
2024-01-18 04:15:49.343 [info] <0.270.0> Feature flags:   [x] implicit_default_bindings
2024-01-18 04:15:49.343 [info] <0.270.0> Feature flags:   [x] quorum_queue
2024-01-18 04:15:49.343 [info] <0.270.0> Feature flags:   [x] virtual_host_metadata
2024-01-18 04:15:49.343 [info] <0.270.0> Feature flags: feature flag states written to disk: yes
2024-01-18 04:15:49.358 [info] <0.270.0> Waiting for Mnesia tables for 30000 ms, 9 retries left
2024-01-18 04:15:49.358 [info] <0.270.0> Successfully synced tables from a peer
2024-01-18 04:15:49.650 [info] <0.270.0> Waiting for Mnesia tables for 30000 ms, 9 retries left
2024-01-18 04:15:49.650 [info] <0.270.0> Successfully synced tables from a peer
2024-01-18 04:15:49.650 [info] <0.270.0> Peer discovery backend rabbit_peer_discovery_classic_config does not support registration, skipping registration.
2024-01-18 04:15:49.650 [info] <0.270.0> Running boot step database_sync defined by app rabbit
2024-01-18 04:15:49.650 [info] <0.270.0> Running boot step feature_flags defined by app rabbit
2024-01-18 04:15:49.650 [info] <0.270.0> Running boot step codec_correctness_check defined by app rabbit
2024-01-18 04:15:49.650 [info] <0.270.0> Running boot step external_infrastructure defined by app rabbit
2024-01-18 04:15:49.650 [info] <0.270.0> Running boot step rabbit_registry defined by app rabbit
2024-01-18 04:15:49.651 [info] <0.270.0> Running boot step rabbit_auth_mechanism_cr_demo defined by app rabbit
2024-01-18 04:15:49.651 [info] <0.270.0> Running boot step rabbit_queue_location_random defined by app rabbit
2024-01-18 04:15:49.651 [info] <0.270.0> Running boot step rabbit_event defined by app rabbit
2024-01-18 04:15:49.651 [info] <0.270.0> Running boot step rabbit_auth_mechanism_amqplain defined by app rabbit
2024-01-18 04:15:49.651 [info] <0.270.0> Running boot step rabbit_auth_mechanism_plain defined by app rabbit
2024-01-18 04:15:49.651 [info] <0.270.0> Running boot step rabbit_exchange_type_direct defined by app rabbit
2024-01-18 04:15:49.651 [info] <0.270.0> Running boot step rabbit_exchange_type_fanout defined by app rabbit
2024-01-18 04:15:49.652 [info] <0.270.0> Running boot step rabbit_exchange_type_headers defined by app rabbit
2024-01-18 04:15:49.652 [info] <0.270.0> Running boot step rabbit_exchange_type_topic defined by app rabbit
2024-01-18 04:15:49.652 [info] <0.270.0> Running boot step rabbit_mirror_queue_mode_all defined by app rabbit
2024-01-18 04:15:49.652 [info] <0.270.0> Running boot step rabbit_mirror_queue_mode_exactly defined by app rabbit
2024-01-18 04:15:49.652 [info] <0.270.0> Running boot step rabbit_mirror_queue_mode_nodes defined by app rabbit
2024-01-18 04:15:49.652 [info] <0.270.0> Running boot step rabbit_priority_queue defined by app rabbit
2024-01-18 04:15:49.652 [info] <0.270.0> Priority queues enabled, real BQ is rabbit_variable_queue
2024-01-18 04:15:49.653 [info] <0.270.0> Running boot step rabbit_queue_location_client_local defined by app rabbit
2024-01-18 04:15:49.653 [info] <0.270.0> Running boot step rabbit_queue_location_min_masters defined by app rabbit
2024-01-18 04:15:49.653 [info] <0.270.0> Running boot step kernel_ready defined by app rabbit
2024-01-18 04:15:49.653 [info] <0.270.0> Running boot step rabbit_sysmon_minder defined by app rabbit
2024-01-18 04:15:49.653 [info] <0.270.0> Running boot step rabbit_epmd_monitor defined by app rabbit
2024-01-18 04:15:49.654 [info] <0.593.0> epmd monitor knows us, inter-node communication (distribution) port: 25672
2024-01-18 04:15:49.654 [info] <0.270.0> Running boot step guid_generator defined by app rabbit
2024-01-18 04:15:49.923 [info] <0.270.0> Running boot step rabbit_node_monitor defined by app rabbit
2024-01-18 04:15:49.924 [info] <0.597.0> Starting rabbit_node_monitor
2024-01-18 04:15:49.924 [info] <0.270.0> Running boot step delegate_sup defined by app rabbit
2024-01-18 04:15:49.925 [info] <0.270.0> Running boot step rabbit_memory_monitor defined by app rabbit
2024-01-18 04:15:49.925 [info] <0.270.0> Running boot step core_initialized defined by app rabbit
2024-01-18 04:15:49.925 [info] <0.270.0> Running boot step upgrade_queues defined by app rabbit
2024-01-18 04:15:49.945 [info] <0.270.0> message_store upgrades: 1 to apply
2024-01-18 04:15:49.946 [info] <0.270.0> message_store upgrades: Applying rabbit_variable_queue:move_messages_to_vhost_store
2024-01-18 04:15:49.946 [info] <0.270.0> message_store upgrades: No durable queues found. Skipping message store migration
2024-01-18 04:15:49.946 [info] <0.270.0> message_store upgrades: Removing the old message store data
2024-01-18 04:15:49.946 [info] <0.270.0> message_store upgrades: All upgrades applied successfully
2024-01-18 04:15:50.336 [info] <0.270.0> Running boot step rabbit_connection_tracking defined by app rabbit
2024-01-18 04:15:50.337 [info] <0.270.0> Running boot step rabbit_connection_tracking_handler defined by app rabbit
2024-01-18 04:15:50.337 [info] <0.270.0> Running boot step rabbit_exchange_parameters defined by app rabbit
2024-01-18 04:15:50.337 [info] <0.270.0> Running boot step rabbit_mirror_queue_misc defined by app rabbit
2024-01-18 04:15:50.338 [info] <0.270.0> Running boot step rabbit_policies defined by app rabbit
2024-01-18 04:15:50.339 [info] <0.270.0> Running boot step rabbit_policy defined by app rabbit
2024-01-18 04:15:50.339 [info] <0.270.0> Running boot step rabbit_queue_location_validator defined by app rabbit
2024-01-18 04:15:50.340 [info] <0.270.0> Running boot step rabbit_quorum_memory_manager defined by app rabbit
2024-01-18 04:15:50.340 [info] <0.270.0> Running boot step rabbit_vhost_limit defined by app rabbit
2024-01-18 04:15:50.340 [info] <0.270.0> Running boot step recovery defined by app rabbit
2024-01-18 04:15:50.341 [info] <0.270.0> Running boot step definition_import_worker_pool defined by app rabbit
2024-01-18 04:15:50.341 [info] <0.351.0> Starting worker pool 'definition_import_pool' with 40 processes in it
2024-01-18 04:15:50.344 [info] <0.270.0> Running boot step load_core_definitions defined by app rabbit
2024-01-18 04:15:50.344 [info] <0.270.0> Running boot step empty_db_check defined by app rabbit
2024-01-18 04:15:50.344 [info] <0.270.0> Adding vhost '/' (description: 'Default virtual host')
2024-01-18 04:15:51.984 [info] <0.678.0> Making sure data directory '/var/lib/rabbitmq/mnesia/rabbit@write-home-timeline-rabbitmq/msg_stores/vhosts/628WB79CIFDYO9LJI6DKMI09L' for vhost '/' exists
2024-01-18 04:15:52.027 [info] <0.678.0> Starting message stores for vhost '/'
2024-01-18 04:15:52.028 [info] <0.682.0> Message store "628WB79CIFDYO9LJI6DKMI09L/msg_store_transient": using rabbit_msg_store_ets_index to provide index
2024-01-18 04:15:52.029 [info] <0.678.0> Started message store of type transient for vhost '/'
2024-01-18 04:15:52.030 [info] <0.686.0> Message store "628WB79CIFDYO9LJI6DKMI09L/msg_store_persistent": using rabbit_msg_store_ets_index to provide index
2024-01-18 04:15:52.031 [warning] <0.686.0> Message store "628WB79CIFDYO9LJI6DKMI09L/msg_store_persistent": rebuilding indices from scratch
2024-01-18 04:15:52.032 [info] <0.678.0> Started message store of type persistent for vhost '/'
2024-01-18 04:15:52.070 [info] <0.270.0> Created user 'guest'
2024-01-18 04:15:52.155 [info] <0.270.0> Successfully set user tags for user 'guest' to [administrator]
2024-01-18 04:15:52.315 [info] <0.270.0> Successfully set permissions for 'guest' in virtual host '/' to '.*', '.*', '.*'
2024-01-18 04:15:52.315 [info] <0.270.0> Running boot step rabbit_looking_glass defined by app rabbit
2024-01-18 04:15:52.315 [info] <0.270.0> Running boot step rabbit_core_metrics_gc defined by app rabbit
2024-01-18 04:15:52.316 [info] <0.270.0> Running boot step background_gc defined by app rabbit
2024-01-18 04:15:52.316 [info] <0.270.0> Running boot step connection_tracking defined by app rabbit
2024-01-18 04:15:52.569 [info] <0.270.0> Setting up a table for connection tracking on this node: 'tracked_connection_on_node_rabbit@write-home-timeline-rabbitmq'
2024-01-18 04:15:52.872 [info] <0.270.0> Setting up a table for per-vhost connection counting on this node: 'tracked_connection_per_vhost_on_node_rabbit@write-home-timeline-rabbitmq'
2024-01-18 04:15:52.873 [info] <0.270.0> Running boot step routing_ready defined by app rabbit
2024-01-18 04:15:52.873 [info] <0.270.0> Running boot step pre_flight defined by app rabbit
2024-01-18 04:15:52.873 [info] <0.270.0> Running boot step notify_cluster defined by app rabbit
2024-01-18 04:15:52.873 [info] <0.270.0> Running boot step networking defined by app rabbit
2024-01-18 04:15:52.876 [info] <0.734.0> started TCP listener on [::]:5672
2024-01-18 04:15:52.876 [info] <0.270.0> Running boot step cluster_name defined by app rabbit
2024-01-18 04:15:52.876 [info] <0.270.0> Initialising internal cluster ID to 'rabbitmq-cluster-id-XFBD2ScGkSaxss0UPqp85g'
2024-01-18 04:15:53.035 [info] <0.270.0> Running boot step direct_client defined by app rabbit
2024-01-18 04:15:53.401 [info] <0.737.0> Server startup complete; 0 plugins started.
 completed with 0 plugins.
2024-01-18 04:19:22.117 [info] <0.968.0> accepting AMQP connection <0.968.0> (10.0.1.13:38926 -> 10.0.1.28:5672)
2024-01-18 04:19:22.117 [info] <0.971.0> accepting AMQP connection <0.971.0> (10.0.1.13:38924 -> 10.0.1.28:5672)
2024-01-18 04:19:22.118 [info] <0.975.0> accepting AMQP connection <0.975.0> (10.0.1.14:59638 -> 10.0.1.28:5672)
2024-01-18 04:19:22.119 [info] <0.979.0> accepting AMQP connection <0.979.0> (10.0.1.14:59624 -> 10.0.1.28:5672)
2024-01-18 04:19:22.121 [info] <0.979.0> connection <0.979.0> (10.0.1.14:59624 -> 10.0.1.28:5672): user 'guest' authenticated and granted access to vhost '/'
2024-01-18 04:19:22.121 [info] <0.975.0> connection <0.975.0> (10.0.1.14:59638 -> 10.0.1.28:5672): user 'guest' authenticated and granted access to vhost '/'
2024-01-18 04:19:22.173 [info] <0.971.0> connection <0.971.0> (10.0.1.13:38924 -> 10.0.1.28:5672): user 'guest' authenticated and granted access to vhost '/'
2024-01-18 04:19:22.199 [info] <0.968.0> connection <0.968.0> (10.0.1.13:38926 -> 10.0.1.28:5672): user 'guest' authenticated and granted access to vhost '/'
