I1215 01:25:58.815784 Main     thread.cpp:100] Register main thread: tid=9
I1215 01:25:58.815960 Main     func_worker.cpp:51] My client_id is 33
[2023-12-15 01:25:58.826072] <info>: (ClientPool.h:195:ClientPool) Max pool size: 128
[2023-12-15 01:25:58.826141] <info>: (ClientPool.h:195:ClientPool) Max pool size: 128
I1215 01:25:58.826184 Main     func_config.cpp:135] Load configuration for function SocialGraphService[1]
I1215 01:25:58.826195 Main     func_config.cpp:135] Load configuration for function ComposePostService[2]
I1215 01:25:58.826204 Main     func_config.cpp:135] Load configuration for function PostStorageService[3]
I1215 01:25:58.826210 Main     func_config.cpp:135] Load configuration for function UserTimelineService[4]
I1215 01:25:58.826215 Main     func_config.cpp:135] Load configuration for function UrlShortenService[5]
I1215 01:25:58.826221 Main     func_config.cpp:135] Load configuration for function UserService[6]
I1215 01:25:58.826226 Main     func_config.cpp:135] Load configuration for function MediaService[7]
I1215 01:25:58.826231 Main     func_config.cpp:135] Load configuration for function TextService[8]
I1215 01:25:58.826237 Main     func_config.cpp:135] Load configuration for function UniqueIdService[9]
I1215 01:25:58.826242 Main     func_config.cpp:135] Load configuration for function UserMentionService[10]
I1215 01:25:58.826247 Main     func_config.cpp:135] Load configuration for function HomeTimelineService[11]
I1215 01:25:58.826270 Main     func_worker.cpp:118] Use extra pipes for messages
I1215 01:25:58.826938 Main     func_worker.cpp:137] Handshake done
[2023-12-15 01:25:58.827044] <info>: (ClientPool.h:195:ClientPool) Max pool size: 128
[2023-12-15 01:25:58.827111] <info>: (ClientPool.h:195:ClientPool) Max pool size: 128
######test
