I1215 01:25:56.014431 Main     thread.cpp:100] Register main thread: tid=9
I1215 01:25:56.036257 Main     func_worker.cpp:51] My client_id is 21
[2023-12-15 01:25:56.045827] <info>: (UniqueIdHandler.h:180:GetMachineId) mac_hash=d91
[2023-12-15 01:25:56.046202] <info>: (ClientPool.h:195:ClientPool) Max pool size: 128
[2023-12-15 01:25:56.046202] <info>: (ClientPool.h:195:ClientPool) Max pool size: 128
[2023-12-15 01:25:56.046229] <info>: (ClientPool.h:195:ClientPool) Max pool size: 128
[2023-12-15 01:25:56.046229] <info>: (ClientPool.h:195:ClientPool) Max pool size: 128
I1215 01:25:56.046289 Main     func_config.cpp:135] Load configuration for function SocialGraphService[1]
I1215 01:25:56.046302 Main     func_config.cpp:135] Load configuration for function ComposePostService[2]
I1215 01:25:56.046310 Main     func_config.cpp:135] Load configuration for function PostStorageService[3]
I1215 01:25:56.046317 Main     func_config.cpp:135] Load configuration for function UserTimelineService[4]
I1215 01:25:56.046324 Main     func_config.cpp:135] Load configuration for function UrlShortenService[5]
I1215 01:25:56.046331 Main     func_config.cpp:135] Load configuration for function UserService[6]
I1215 01:25:56.046338 Main     func_config.cpp:135] Load configuration for function MediaService[7]
I1215 01:25:56.046346 Main     func_config.cpp:135] Load configuration for function TextService[8]
I1215 01:25:56.046352 Main     func_config.cpp:135] Load configuration for function UniqueIdService[9]
I1215 01:25:56.046359 Main     func_config.cpp:135] Load configuration for function UserMentionService[10]
I1215 01:25:56.046366 Main     func_config.cpp:135] Load configuration for function HomeTimelineService[11]
I1215 01:25:56.046395 Main     func_worker.cpp:118] Use extra pipes for messages
I1215 01:25:56.046993 Main     func_worker.cpp:137] Handshake done
[2023-12-15 01:25:56.047010] <info>: (ClientPool.h:195:ClientPool) Max pool size: 128
[2023-12-15 01:25:56.047010] <info>: (ClientPool.h:195:ClientPool) Max pool size: 128
[2023-12-15 01:25:56.047028] <info>: (UniqueIdHandler.h:71:UniqueIdHandler) machine_id=d91
[2023-12-15 01:25:56.047028] <info>: (UniqueIdHandler.h:71:UniqueIdHandler) machine_id=d91
######test
[2023-12-15 01:25:56.051272] <info>: (ClientPool.h:195:ClientPool) Max pool size: 128
[2023-12-15 01:25:56.051272] <info>: (ClientPool.h:195:ClientPool) Max pool size: 128
[2023-12-15 01:25:56.051305] <info>: (ClientPool.h:195:ClientPool) Max pool size: 128
[2023-12-15 01:25:56.051305] <info>: (ClientPool.h:195:ClientPool) Max pool size: 128
######test
