I1215 01:26:00.043646 Main     thread.cpp:100] Register main thread: tid=11
I1215 01:26:00.043878 Main     func_worker.cpp:51] My client_id is 39
[2023-12-15 01:26:00.054755] <info>: (ClientPool.h:195:ClientPool) Max pool size: 128
[2023-12-15 01:26:00.055048] <info>: (UserHandler.h:998:GetMachineId) mac_hash=947
I1215 01:26:01.405423 Main     func_config.cpp:135] Load configuration for function SocialGraphService[1]
I1215 01:26:01.405494 Main     func_config.cpp:135] Load configuration for function ComposePostService[2]
I1215 01:26:01.405515 Main     func_config.cpp:135] Load configuration for function PostStorageService[3]
I1215 01:26:01.405536 Main     func_config.cpp:135] Load configuration for function UserTimelineService[4]
I1215 01:26:01.405568 Main     func_config.cpp:135] Load configuration for function UrlShortenService[5]
I1215 01:26:01.405587 Main     func_config.cpp:135] Load configuration for function UserService[6]
I1215 01:26:01.405605 Main     func_config.cpp:135] Load configuration for function MediaService[7]
I1215 01:26:01.405624 Main     func_config.cpp:135] Load configuration for function TextService[8]
I1215 01:26:01.405642 Main     func_config.cpp:135] Load configuration for function UniqueIdService[9]
I1215 01:26:01.405660 Main     func_config.cpp:135] Load configuration for function UserMentionService[10]
I1215 01:26:01.405678 Main     func_config.cpp:135] Load configuration for function HomeTimelineService[11]
I1215 01:26:01.405786 Main     func_worker.cpp:118] Use extra pipes for messages
I1215 01:26:01.406395 Main     func_worker.cpp:137] Handshake done
[2023-12-15 01:26:01.406460] <info>: (ClientPool.h:195:ClientPool) Max pool size: 128
[2023-12-15 01:26:01.406524] <info>: (ClientPool.h:195:ClientPool) Max pool size: 128
[2023-12-15 01:26:01.406552] <info>: (UserHandler.h:137:UserHandler) machine_id=947
######test
