I1215 01:26:00.038496 Main     thread.cpp:100] Register main thread: tid=10
I1215 01:26:00.038666 Main     func_worker.cpp:51] My client_id is 38
[2023-12-15 01:26:00.051265] <info>: (ClientPool.h:195:ClientPool) Max pool size: 128
[2023-12-15 01:26:00.051495] <info>: (UserHandler.h:998:GetMachineId) mac_hash=a4a
I1215 01:26:01.405503 Main     func_config.cpp:135] Load configuration for function SocialGraphService[1]
I1215 01:26:01.405562 Main     func_config.cpp:135] Load configuration for function ComposePostService[2]
I1215 01:26:01.405582 Main     func_config.cpp:135] Load configuration for function PostStorageService[3]
I1215 01:26:01.405601 Main     func_config.cpp:135] Load configuration for function UserTimelineService[4]
I1215 01:26:01.405632 Main     func_config.cpp:135] Load configuration for function UrlShortenService[5]
I1215 01:26:01.405651 Main     func_config.cpp:135] Load configuration for function UserService[6]
I1215 01:26:01.405669 Main     func_config.cpp:135] Load configuration for function MediaService[7]
I1215 01:26:01.405687 Main     func_config.cpp:135] Load configuration for function TextService[8]
I1215 01:26:01.405704 Main     func_config.cpp:135] Load configuration for function UniqueIdService[9]
I1215 01:26:01.405722 Main     func_config.cpp:135] Load configuration for function UserMentionService[10]
I1215 01:26:01.405739 Main     func_config.cpp:135] Load configuration for function HomeTimelineService[11]
I1215 01:26:01.405813 Main     func_worker.cpp:118] Use extra pipes for messages
I1215 01:26:01.406535 Main     func_worker.cpp:137] Handshake done
[2023-12-15 01:26:01.406606] <info>: (ClientPool.h:195:ClientPool) Max pool size: 128
[2023-12-15 01:26:01.406716] <info>: (ClientPool.h:195:ClientPool) Max pool size: 128
[2023-12-15 01:26:01.406758] <info>: (UserHandler.h:137:UserHandler) machine_id=a4a
######test
